Log file open, 01/08/21 12:17:01
LogInit: Display: Running engine for game: PuzzlePlatforms
LogPlatformFile: Not using cached read wrapper
LogTaskGraph: Started task graph with 5 named threads and 35 total threads with 3 sets of task threads.
LogStats: Stats thread started at 0.172963
LogD3D11RHI: Loaded GFSDK_Aftermath_Lib.x64.dll
LogICUInternationalization: ICU TimeZone Detection - Raw Offset: +1:00, Platform Override: ''
LogPluginManager: Mounting plugin Paper2D
LogPluginManager: Mounting plugin AISupport
LogPluginManager: Mounting plugin LightPropagationVolume
LogPluginManager: Mounting plugin CameraShakePreviewer
LogPluginManager: Mounting plugin ActorLayerUtilities
LogPluginManager: Mounting plugin AnimationSharing
LogPluginManager: Mounting plugin CLionSourceCodeAccess
LogPluginManager: Mounting plugin CodeLiteSourceCodeAccess
LogPluginManager: Mounting plugin GitSourceControl
LogPluginManager: Mounting plugin KDevelopSourceCodeAccess
LogPluginManager: Mounting plugin NullSourceCodeAccess
LogPluginManager: Mounting plugin PerforceSourceControl
LogPluginManager: Mounting plugin PlasticSourceControl
LogPluginManager: Mounting plugin RiderSourceCodeAccess
LogPluginManager: Mounting plugin SubversionSourceControl
LogPluginManager: Mounting plugin UObjectPlugin
LogPluginManager: Mounting plugin VisualStudioCodeSourceCodeAccess
LogPluginManager: Mounting plugin VisualStudioSourceCodeAccess
LogPluginManager: Mounting plugin XCodeSourceCodeAccess
LogPluginManager: Mounting plugin AssetManagerEditor
LogPluginManager: Mounting plugin CryptoKeys
LogPluginManager: Mounting plugin CurveEditorTools
LogPluginManager: Mounting plugin DataValidation
LogPluginManager: Mounting plugin EditorScriptingUtilities
LogPluginManager: Mounting plugin FacialAnimation
LogPluginManager: Mounting plugin GameplayTagsEditor
LogPluginManager: Mounting plugin GeometryMode
LogPluginManager: Mounting plugin MacGraphicsSwitching
LogPluginManager: Mounting plugin MaterialAnalyzer
LogPluginManager: Mounting plugin MobileLauncherProfileWizard
LogPluginManager: Mounting plugin PluginBrowser
LogPluginManager: Mounting plugin SpeedTreeImporter
LogPluginManager: Mounting plugin DatasmithContent
LogPluginManager: Mounting plugin VariantManagerContent
LogPluginManager: Mounting plugin AlembicImporter
LogPluginManager: Mounting plugin AutomationUtils
LogPluginManager: Mounting plugin BackChannel
LogPluginManager: Mounting plugin ChaosCloth
LogPluginManager: Mounting plugin ChaosClothEditor
LogPluginManager: Mounting plugin ChaosEditor
LogPluginManager: Mounting plugin ChaosNiagara
LogPluginManager: Mounting plugin ChaosSolverPlugin
LogPluginManager: Mounting plugin CharacterAI
LogPluginManager: Mounting plugin GeometryCache
LogPluginManager: Mounting plugin GeometryCollectionPlugin
LogPluginManager: Mounting plugin GeometryProcessing
LogPluginManager: Mounting plugin PlanarCut
LogPluginManager: Mounting plugin PlatformCrypto
LogPluginManager: Mounting plugin ProxyLODPlugin
LogPluginManager: Mounting plugin SkeletalReduction
LogPluginManager: Mounting plugin Niagara
LogPluginManager: Mounting plugin MagicLeap
LogPluginManager: Mounting plugin MagicLeapLightEstimation
LogPluginManager: Mounting plugin MagicLeapMedia
LogPluginManager: Mounting plugin MagicLeapPassableWorld
LogPluginManager: Mounting plugin MLSDK
LogPluginManager: Mounting plugin AndroidMedia
LogPluginManager: Mounting plugin AvfMedia
LogPluginManager: Mounting plugin ImgMedia
LogPluginManager: Mounting plugin MediaCompositing
LogPluginManager: Mounting plugin MediaPlayerEditor
LogPluginManager: Mounting plugin WebMMedia
LogPluginManager: Mounting plugin WmfMedia
LogPluginManager: Mounting plugin MeshPainting
LogPluginManager: Mounting plugin TcpMessaging
LogPluginManager: Mounting plugin UdpMessaging
LogPluginManager: Mounting plugin ActorSequence
LogPluginManager: Mounting plugin LevelSequenceEditor
LogPluginManager: Mounting plugin MatineeToLevelSequence
LogPluginManager: Mounting plugin MovieRenderPipeline
LogPluginManager: Mounting plugin TemplateSequence
LogPluginManager: Mounting plugin NetcodeUnitTest
LogPluginManager: Mounting plugin NUTUnrealEngine4
LogPluginManager: Mounting plugin OnlineSubsystemGooglePlay
LogPluginManager: Mounting plugin OnlineSubsystemIOS
LogPluginManager: Mounting plugin OnlineSubsystem
LogPluginManager: Mounting plugin OnlineSubsystemNull
LogPluginManager: Mounting plugin OnlineSubsystemUtils
LogPluginManager: Mounting plugin LauncherChunkInstaller
LogPluginManager: Mounting plugin AndroidDeviceProfileSelector
LogPluginManager: Mounting plugin AndroidMoviePlayer
LogPluginManager: Mounting plugin AndroidPermission
LogPluginManager: Mounting plugin AppleImageUtils
LogPluginManager: Mounting plugin AppleMoviePlayer
LogPluginManager: Mounting plugin ArchVisCharacter
LogPluginManager: Mounting plugin AssetTags
LogPluginManager: Mounting plugin AudioCapture
LogPluginManager: Mounting plugin CableComponent
LogPluginManager: Mounting plugin CustomMeshComponent
LogPluginManager: Mounting plugin EditableMesh
LogPluginManager: Mounting plugin ExampleDeviceProfileSelector
LogPluginManager: Mounting plugin GoogleCloudMessaging
LogPluginManager: Mounting plugin GooglePAD
LogPluginManager: Mounting plugin IOSDeviceProfileSelector
LogPluginManager: Mounting plugin LinuxDeviceProfileSelector
LogPluginManager: Mounting plugin LocationServicesBPLibrary
LogPluginManager: Mounting plugin MobilePatchingUtils
LogPluginManager: Mounting plugin OculusVR
LogPluginManager: Mounting plugin PhysXVehicles
LogPluginManager: Mounting plugin PostSplashScreen
LogPluginManager: Mounting plugin ProceduralMeshComponent
LogPluginManager: Mounting plugin RuntimePhysXCooking
LogPluginManager: Mounting plugin SignificanceManager
LogPluginManager: Mounting plugin SoundFields
LogPluginManager: Mounting plugin SteamVR
LogPluginManager: Mounting plugin Synthesis
LogPluginManager: Mounting plugin WebMMoviePlayer
LogPluginManager: Mounting plugin WindowsMoviePlayer
LogPluginManager: Mounting plugin ScreenshotTools
LogInit: Using libcurl 7.55.1-DEV
LogInit:  - built for x86_64-pc-win32
LogInit:  - supports SSL with OpenSSL/1.1.1
LogInit:  - supports HTTP deflate (compression) using libz 1.2.8
LogInit:  - other features:
LogInit:      CURL_VERSION_SSL
LogInit:      CURL_VERSION_LIBZ
LogInit:      CURL_VERSION_IPV6
LogInit:      CURL_VERSION_ASYNCHDNS
LogInit:      CURL_VERSION_LARGEFILE
LogInit:      CURL_VERSION_IDN
LogInit:  CurlRequestOptions (configurable via config and command line):
LogInit:  - bVerifyPeer = true  - Libcurl will verify peer certificate
LogInit:  - bUseHttpProxy = false  - Libcurl will NOT use HTTP proxy
LogInit:  - bDontReuseConnections = false  - Libcurl will reuse connections
LogInit:  - MaxHostConnections = 16  - Libcurl will limit the number of connections to a host
LogInit:  - LocalHostAddr = Default
LogInit:  - BufferSize = 65536
LogOnline: OSS: Creating online subsystem instance for: NULL
LogInit: WinSock: version 1.1 (2.2), MaxSocks=32767, MaxUdp=65467
LogOnline: OSS: TryLoadSubsystemAndSetDefault: Loaded subsystem for module [NULL]
LogInit: Build: ++UE4+Release-4.25-CL-14469661
LogInit: Engine Version: 4.25.4-14469661+++UE4+Release-4.25
LogInit: Compatible Engine Version: 4.25.0-13144385+++UE4+Release-4.25
LogInit: Net CL: 13144385
LogInit: OS: Windows 10 (Release 2004) (), CPU: Intel(R) Core(TM) i7-10750H CPU @ 2.60GHz, GPU: Intel(R) UHD Graphics
LogInit: Compiled (64-bit): Oct 11 2020 08:10:49
LogInit: Compiled with Visual C++: 19.24.28315.00
LogInit: Build Configuration: Development
LogInit: Branch Name: ++UE4+Release-4.25
LogInit: Command Line:  -EpicPortal -epicusername="Abrish Sabri" -epicuserid=09893d6acb7f417baf74f7881f4b0722 -epiclocale=en
LogInit: Base Directory: C:/Program Files/Epic Games/UE_4.25/Engine/Binaries/Win64/
LogInit: Allocator: TBB
LogInit: Installed Engine Build: 1
LogDevObjectVersion: Number of dev versions registered: 26
LogDevObjectVersion:   Dev-Blueprints (B0D832E4-1F89-4F0D-ACCF-7EB736FD4AA2): 10
LogDevObjectVersion:   Dev-Build (E1C64328-A22C-4D53-A36C-8E866417BD8C): 0
LogDevObjectVersion:   Dev-Core (375EC13C-06E4-48FB-B500-84F0262A717E): 4
LogDevObjectVersion:   Dev-Editor (E4B068ED-F494-42E9-A231-DA0B2E46BB41): 38
LogDevObjectVersion:   Dev-Framework (CFFC743F-43B0-4480-9391-14DF171D2073): 37
LogDevObjectVersion:   Dev-Mobile (B02B49B5-BB20-44E9-A304-32B752E40360): 2
LogDevObjectVersion:   Dev-Networking (A4E4105C-59A1-49B5-A7C5-40C4547EDFEE): 0
LogDevObjectVersion:   Dev-Online (39C831C9-5AE6-47DC-9A44-9C173E1C8E7C): 0
LogDevObjectVersion:   Dev-Physics (78F01B33-EBEA-4F98-B9B4-84EACCB95AA2): 4
LogDevObjectVersion:   Dev-Platform (6631380F-2D4D-43E0-8009-CF276956A95A): 0
LogDevObjectVersion:   Dev-Rendering (12F88B9F-8875-4AFC-A67C-D90C383ABD29): 43
LogDevObjectVersion:   Dev-Sequencer (7B5AE74C-D270-4C10-A958-57980B212A5A): 12
LogDevObjectVersion:   Dev-VR (D7296918-1DD6-4BDD-9DE2-64A83CC13884): 3
LogDevObjectVersion:   Dev-LoadTimes (C2A15278-BFE7-4AFE-6C17-90FF531DF755): 1
LogDevObjectVersion:   Private-Geometry (6EACA3D4-40EC-4CC1-B786-8BED09428FC5): 3
LogDevObjectVersion:   Dev-AnimPhys (29E575DD-E0A3-4627-9D10-D276232CDCEA): 17
LogDevObjectVersion:   Dev-Anim (AF43A65D-7FD3-4947-9873-3E8ED9C1BB05): 7
LogDevObjectVersion:   Dev-ReflectionCapture (6B266CEC-1EC7-4B8F-A30B-E4D90942FC07): 1
LogDevObjectVersion:   Dev-Automation (0DF73D61-A23F-47EA-B727-89E90C41499A): 1
LogDevObjectVersion:   FortniteMain (601D1886-AC64-4F84-AA16-D3DE0DEAC7D6): 31
LogDevObjectVersion:   Dev-Enterprise (9DFFBCD6-494F-0158-E221-12823C92A888): 10
LogDevObjectVersion:   Dev-Niagara (F2AED0AC-9AFE-416F-8664-AA7FFA26D6FC): 1
LogDevObjectVersion:   Dev-Destruction (174F1F0B-B4C6-45A5-B13F-2EE8D0FB917D): 10
LogDevObjectVersion:   Dev-Physics-Ext (35F94A83-E258-406C-A318-09F59610247C): 37
LogDevObjectVersion:   Dev-PhysicsMaterial-Chaos (B68FC16E-8B1B-42E2-B453-215C058844FE): 1
LogDevObjectVersion:   Dev-CineCamera (B2E18506-4273-CFC2-A54E-F4BB758BBA07): 1
LogInit: Presizing for max 25165824 objects, including 0 objects not considered by GC, pre-allocating 0 bytes for permanent pool.
LogConfig: Applying CVar settings from Section [/Script/Engine.StreamingSettings] File [C:/Users/abris/phantasma/PuzzlePlatforms/Saved/Config/Windows/Engine.ini]
LogConfig: Setting CVar [[s.MinBulkDataSizeForAsyncLoading:131072]]
LogConfig: Setting CVar [[s.AsyncLoadingThreadEnabled:0]]
LogConfig: Setting CVar [[s.EventDrivenLoaderEnabled:1]]
LogConfig: Setting CVar [[s.WarnIfTimeLimitExceeded:0]]
LogConfig: Setting CVar [[s.TimeLimitExceededMultiplier:1.5]]
LogConfig: Setting CVar [[s.TimeLimitExceededMinTime:0.005]]
LogConfig: Setting CVar [[s.UseBackgroundLevelStreaming:1]]
LogConfig: Setting CVar [[s.PriorityAsyncLoadingExtraTime:15.0]]
LogConfig: Setting CVar [[s.LevelStreamingActorsUpdateTimeLimit:5.0]]
LogConfig: Setting CVar [[s.PriorityLevelStreamingActorsUpdateExtraTime:5.0]]
LogConfig: Setting CVar [[s.LevelStreamingComponentsRegistrationGranularity:10]]
LogConfig: Setting CVar [[s.UnregisterComponentsTimeLimit:1.0]]
LogConfig: Setting CVar [[s.LevelStreamingComponentsUnregistrationGranularity:5]]
LogConfig: Setting CVar [[s.FlushStreamingOnExit:1]]
LogInit: Object subsystem initialized
LogConfig: Setting CVar [[con.DebugEarlyDefault:1]]
LogConfig: Setting CVar [[r.setres:1280x720]]
[2021.01.08-11.17.01:486][  0]LogConfig: Setting CVar [[r.VSync:0]]
[2021.01.08-11.17.01:486][  0]LogConfig: Setting CVar [[r.RHICmdBypass:0]]
[2021.01.08-11.17.01:486][  0]LogConfig: Applying CVar settings from Section [/Script/Engine.RendererSettings] File [C:/Users/abris/phantasma/PuzzlePlatforms/Saved/Config/Windows/Engine.ini]
[2021.01.08-11.17.01:486][  0]LogConfig: Setting CVar [[r.GPUCrashDebugging:0]]
[2021.01.08-11.17.01:486][  0]LogConfig: Applying CVar settings from Section [/Script/Engine.RendererOverrideSettings] File [C:/Users/abris/phantasma/PuzzlePlatforms/Saved/Config/Windows/Engine.ini]
[2021.01.08-11.17.01:486][  0]LogConfig: Applying CVar settings from Section [/Script/Engine.StreamingSettings] File [C:/Users/abris/phantasma/PuzzlePlatforms/Saved/Config/Windows/Engine.ini]
[2021.01.08-11.17.01:486][  0]LogConfig: Setting CVar [[s.MinBulkDataSizeForAsyncLoading:131072]]
[2021.01.08-11.17.01:486][  0]LogConfig: Setting CVar [[s.AsyncLoadingThreadEnabled:0]]
[2021.01.08-11.17.01:486][  0]LogConfig: Setting CVar [[s.EventDrivenLoaderEnabled:1]]
[2021.01.08-11.17.01:486][  0]LogConfig: Setting CVar [[s.WarnIfTimeLimitExceeded:0]]
[2021.01.08-11.17.01:486][  0]LogConfig: Setting CVar [[s.TimeLimitExceededMultiplier:1.5]]
[2021.01.08-11.17.01:486][  0]LogConfig: Setting CVar [[s.TimeLimitExceededMinTime:0.005]]
[2021.01.08-11.17.01:486][  0]LogConfig: Setting CVar [[s.UseBackgroundLevelStreaming:1]]
[2021.01.08-11.17.01:486][  0]LogConfig: Setting CVar [[s.PriorityAsyncLoadingExtraTime:15.0]]
[2021.01.08-11.17.01:486][  0]LogConfig: Setting CVar [[s.LevelStreamingActorsUpdateTimeLimit:5.0]]
[2021.01.08-11.17.01:486][  0]LogConfig: Setting CVar [[s.PriorityLevelStreamingActorsUpdateExtraTime:5.0]]
[2021.01.08-11.17.01:486][  0]LogConfig: Setting CVar [[s.LevelStreamingComponentsRegistrationGranularity:10]]
[2021.01.08-11.17.01:486][  0]LogConfig: Setting CVar [[s.UnregisterComponentsTimeLimit:1.0]]
[2021.01.08-11.17.01:486][  0]LogConfig: Setting CVar [[s.LevelStreamingComponentsUnregistrationGranularity:5]]
[2021.01.08-11.17.01:486][  0]LogConfig: Setting CVar [[s.FlushStreamingOnExit:1]]
[2021.01.08-11.17.01:486][  0]LogConfig: Applying CVar settings from Section [/Script/Engine.GarbageCollectionSettings] File [C:/Users/abris/phantasma/PuzzlePlatforms/Saved/Config/Windows/Engine.ini]
[2021.01.08-11.17.01:486][  0]LogConfig: Setting CVar [[gc.MaxObjectsNotConsideredByGC:1]]
[2021.01.08-11.17.01:486][  0]LogConfig: Setting CVar [[gc.SizeOfPermanentObjectPool:0]]
[2021.01.08-11.17.01:486][  0]LogConfig: Setting CVar [[gc.FlushStreamingOnGC:0]]
[2021.01.08-11.17.01:486][  0]LogConfig: Setting CVar [[gc.NumRetriesBeforeForcingGC:10]]
[2021.01.08-11.17.01:486][  0]LogConfig: Setting CVar [[gc.AllowParallelGC:1]]
[2021.01.08-11.17.01:486][  0]LogConfig: Setting CVar [[gc.TimeBetweenPurgingPendingKillObjects:61.1]]
[2021.01.08-11.17.01:486][  0]LogConfig: Setting CVar [[gc.MaxObjectsInEditor:25165824]]
[2021.01.08-11.17.01:486][  0]LogConfig: Setting CVar [[gc.IncrementalBeginDestroyEnabled:1]]
[2021.01.08-11.17.01:486][  0]LogConfig: Setting CVar [[gc.CreateGCClusters:1]]
[2021.01.08-11.17.01:486][  0]LogConfig: Setting CVar [[gc.MinGCClusterSize:5]]
[2021.01.08-11.17.01:486][  0]LogConfig: Setting CVar [[gc.ActorClusteringEnabled:0]]
[2021.01.08-11.17.01:486][  0]LogConfig: Setting CVar [[gc.BlueprintClusteringEnabled:0]]
[2021.01.08-11.17.01:486][  0]LogConfig: Setting CVar [[gc.UseDisregardForGCOnDedicatedServers:0]]
[2021.01.08-11.17.01:486][  0]LogConfig: Applying CVar settings from Section [/Script/Engine.NetworkSettings] File [C:/Users/abris/phantasma/PuzzlePlatforms/Saved/Config/Windows/Engine.ini]
[2021.01.08-11.17.01:486][  0]LogConfig: Applying CVar settings from Section [/Script/UnrealEd.CookerSettings] File [C:/Users/abris/phantasma/PuzzlePlatforms/Saved/Config/Windows/Engine.ini]
[2021.01.08-11.17.01:488][  0]LogConfig: Applying CVar settings from Section [ViewDistanceQuality@3] File [C:/Users/abris/phantasma/PuzzlePlatforms/Saved/Config/Windows/Scalability.ini]
[2021.01.08-11.17.01:488][  0]LogConfig: Setting CVar [[r.SkeletalMeshLODBias:0]]
[2021.01.08-11.17.01:488][  0]LogConfig: Setting CVar [[r.ViewDistanceScale:1.0]]
[2021.01.08-11.17.01:488][  0]LogConfig: Applying CVar settings from Section [AntiAliasingQuality@3] File [C:/Users/abris/phantasma/PuzzlePlatforms/Saved/Config/Windows/Scalability.ini]
[2021.01.08-11.17.01:488][  0]LogConfig: Setting CVar [[r.PostProcessAAQuality:4]]
[2021.01.08-11.17.01:488][  0]LogConfig: Applying CVar settings from Section [ShadowQuality@3] File [C:/Users/abris/phantasma/PuzzlePlatforms/Saved/Config/Windows/Scalability.ini]
[2021.01.08-11.17.01:488][  0]LogConfig: Setting CVar [[r.LightFunctionQuality:1]]
[2021.01.08-11.17.01:488][  0]LogConfig: Setting CVar [[r.ShadowQuality:5]]
[2021.01.08-11.17.01:488][  0]LogConfig: Setting CVar [[r.Shadow.CSM.MaxCascades:10]]
[2021.01.08-11.17.01:488][  0]LogConfig: Setting CVar [[r.Shadow.MaxResolution:2048]]
[2021.01.08-11.17.01:488][  0]LogConfig: Setting CVar [[r.Shadow.MaxCSMResolution:2048]]
[2021.01.08-11.17.01:488][  0]LogConfig: Setting CVar [[r.Shadow.RadiusThreshold:0.01]]
[2021.01.08-11.17.01:488][  0]LogConfig: Setting CVar [[r.Shadow.DistanceScale:1.0]]
[2021.01.08-11.17.01:488][  0]LogConfig: Setting CVar [[r.Shadow.CSM.TransitionScale:1.0]]
[2021.01.08-11.17.01:488][  0]LogConfig: Setting CVar [[r.Shadow.PreShadowResolutionFactor:1.0]]
[2021.01.08-11.17.01:488][  0]LogConfig: Setting CVar [[r.DistanceFieldShadowing:1]]
[2021.01.08-11.17.01:488][  0]LogConfig: Setting CVar [[r.DistanceFieldAO:1]]
[2021.01.08-11.17.01:488][  0]LogConfig: Setting CVar [[r.AOQuality:2]]
[2021.01.08-11.17.01:488][  0]LogConfig: Setting CVar [[r.VolumetricFog:1]]
[2021.01.08-11.17.01:488][  0]LogConfig: Setting CVar [[r.VolumetricFog.GridPixelSize:8]]
[2021.01.08-11.17.01:488][  0]LogConfig: Setting CVar [[r.VolumetricFog.GridSizeZ:128]]
[2021.01.08-11.17.01:488][  0]LogConfig: Setting CVar [[r.VolumetricFog.HistoryMissSupersampleCount:4]]
[2021.01.08-11.17.01:488][  0]LogConfig: Setting CVar [[r.LightMaxDrawDistanceScale:1]]
[2021.01.08-11.17.01:488][  0]LogConfig: Setting CVar [[r.CapsuleShadows:1]]
[2021.01.08-11.17.01:488][  0]LogConfig: Applying CVar settings from Section [PostProcessQuality@3] File [C:/Users/abris/phantasma/PuzzlePlatforms/Saved/Config/Windows/Scalability.ini]
[2021.01.08-11.17.01:488][  0]LogConfig: Setting CVar [[r.MotionBlurQuality:4]]
[2021.01.08-11.17.01:488][  0]LogConfig: Setting CVar [[r.AmbientOcclusionMipLevelFactor:0.4]]
[2021.01.08-11.17.01:488][  0]LogConfig: Setting CVar [[r.AmbientOcclusionMaxQuality:100]]
[2021.01.08-11.17.01:488][  0]LogConfig: Setting CVar [[r.AmbientOcclusionLevels:-1]]
[2021.01.08-11.17.01:488][  0]LogConfig: Setting CVar [[r.AmbientOcclusionRadiusScale:1.0]]
[2021.01.08-11.17.01:488][  0]LogConfig: Setting CVar [[r.DepthOfFieldQuality:2]]
[2021.01.08-11.17.01:488][  0]LogConfig: Setting CVar [[r.RenderTargetPoolMin:400]]
[2021.01.08-11.17.01:488][  0]LogConfig: Setting CVar [[r.LensFlareQuality:2]]
[2021.01.08-11.17.01:488][  0]LogConfig: Setting CVar [[r.SceneColorFringeQuality:1]]
[2021.01.08-11.17.01:488][  0]LogConfig: Setting CVar [[r.EyeAdaptationQuality:2]]
[2021.01.08-11.17.01:489][  0]LogConfig: Setting CVar [[r.BloomQuality:5]]
[2021.01.08-11.17.01:489][  0]LogConfig: Setting CVar [[r.FastBlurThreshold:100]]
[2021.01.08-11.17.01:489][  0]LogConfig: Setting CVar [[r.Upscale.Quality:3]]
[2021.01.08-11.17.01:489][  0]LogConfig: Setting CVar [[r.Tonemapper.GrainQuantization:1]]
[2021.01.08-11.17.01:489][  0]LogConfig: Setting CVar [[r.LightShaftQuality:1]]
[2021.01.08-11.17.01:489][  0]LogConfig: Setting CVar [[r.Filter.SizeScale:1]]
[2021.01.08-11.17.01:489][  0]LogConfig: Setting CVar [[r.Tonemapper.Quality:5]]
[2021.01.08-11.17.01:489][  0]LogConfig: Setting CVar [[r.DOF.Gather.AccumulatorQuality:1        ; higher gathering accumulator quality]]
[2021.01.08-11.17.01:489][  0]LogConfig: Setting CVar [[r.DOF.Gather.PostfilterMethod:1          ; Median3x3 postfilering method]]
[2021.01.08-11.17.01:489][  0]LogConfig: Setting CVar [[r.DOF.Gather.EnableBokehSettings:0       ; no bokeh simulation when gathering]]
[2021.01.08-11.17.01:489][  0]LogConfig: Setting CVar [[r.DOF.Gather.RingCount:4                 ; medium number of samples when gathering]]
[2021.01.08-11.17.01:489][  0]LogConfig: Setting CVar [[r.DOF.Scatter.ForegroundCompositing:1    ; additive foreground scattering]]
[2021.01.08-11.17.01:489][  0]LogConfig: Setting CVar [[r.DOF.Scatter.BackgroundCompositing:2    ; additive background scattering]]
[2021.01.08-11.17.01:489][  0]LogConfig: Setting CVar [[r.DOF.Scatter.EnableBokehSettings:1      ; bokeh simulation when scattering]]
[2021.01.08-11.17.01:489][  0]LogConfig: Setting CVar [[r.DOF.Scatter.MaxSpriteRatio:0.1         ; only a maximum of 10% of scattered bokeh]]
[2021.01.08-11.17.01:489][  0]LogConfig: Setting CVar [[r.DOF.Recombine.Quality:1                ; cheap slight out of focus]]
[2021.01.08-11.17.01:489][  0]LogConfig: Setting CVar [[r.DOF.Recombine.EnableBokehSettings:0    ; no bokeh simulation on slight out of focus]]
[2021.01.08-11.17.01:489][  0]LogConfig: Setting CVar [[r.DOF.TemporalAAQuality:1                ; more stable temporal accumulation]]
[2021.01.08-11.17.01:489][  0]LogConfig: Setting CVar [[r.DOF.Kernel.MaxForegroundRadius:0.025]]
[2021.01.08-11.17.01:489][  0]LogConfig: Setting CVar [[r.DOF.Kernel.MaxBackgroundRadius:0.025]]
[2021.01.08-11.17.01:489][  0]LogConfig: Applying CVar settings from Section [TextureQuality@3] File [C:/Users/abris/phantasma/PuzzlePlatforms/Saved/Config/Windows/Scalability.ini]
[2021.01.08-11.17.01:489][  0]LogConfig: Setting CVar [[r.Streaming.MipBias:0]]
[2021.01.08-11.17.01:489][  0]LogConfig: Setting CVar [[r.Streaming.AmortizeCPUToGPUCopy:0]]
[2021.01.08-11.17.01:489][  0]LogConfig: Setting CVar [[r.Streaming.MaxNumTexturesToStreamPerFrame:0]]
[2021.01.08-11.17.01:489][  0]LogConfig: Setting CVar [[r.Streaming.Boost:1]]
[2021.01.08-11.17.01:489][  0]LogConfig: Setting CVar [[r.MaxAnisotropy:8]]
[2021.01.08-11.17.01:489][  0]LogConfig: Setting CVar [[r.VT.MaxAnisotropy:8]]
[2021.01.08-11.17.01:489][  0]LogConfig: Setting CVar [[r.Streaming.LimitPoolSizeToVRAM:0]]
[2021.01.08-11.17.01:489][  0]LogConfig: Setting CVar [[r.Streaming.PoolSize:1000]]
[2021.01.08-11.17.01:489][  0]LogConfig: Setting CVar [[r.Streaming.MaxEffectiveScreenSize:0]]
[2021.01.08-11.17.01:489][  0]LogConfig: Applying CVar settings from Section [EffectsQuality@3] File [C:/Users/abris/phantasma/PuzzlePlatforms/Saved/Config/Windows/Scalability.ini]
[2021.01.08-11.17.01:489][  0]LogConfig: Setting CVar [[r.TranslucencyLightingVolumeDim:64]]
[2021.01.08-11.17.01:489][  0]LogConfig: Setting CVar [[r.RefractionQuality:2]]
[2021.01.08-11.17.01:489][  0]LogConfig: Setting CVar [[r.SSR.Quality:3]]
[2021.01.08-11.17.01:489][  0]LogConfig: Setting CVar [[r.SSR.HalfResSceneColor:0]]
[2021.01.08-11.17.01:489][  0]LogConfig: Setting CVar [[r.SceneColorFormat:4]]
[2021.01.08-11.17.01:489][  0]LogConfig: Setting CVar [[r.DetailMode:2]]
[2021.01.08-11.17.01:489][  0]LogConfig: Setting CVar [[r.TranslucencyVolumeBlur:1]]
[2021.01.08-11.17.01:489][  0]LogConfig: Setting CVar [[r.MaterialQualityLevel:1 ; High quality]]
[2021.01.08-11.17.01:489][  0]LogConfig: Setting CVar [[r.SSS.Scale:1]]
[2021.01.08-11.17.01:489][  0]LogConfig: Setting CVar [[r.SSS.SampleSet:2]]
[2021.01.08-11.17.01:489][  0]LogConfig: Setting CVar [[r.SSS.Quality:1]]
[2021.01.08-11.17.01:489][  0]LogConfig: Setting CVar [[r.SSS.HalfRes:0]]
[2021.01.08-11.17.01:489][  0]LogConfig: Setting CVar [[r.SSGI.Quality:3]]
[2021.01.08-11.17.01:489][  0]LogConfig: Setting CVar [[r.EmitterSpawnRateScale:1.0]]
[2021.01.08-11.17.01:489][  0]LogConfig: Setting CVar [[r.ParticleLightQuality:2]]
[2021.01.08-11.17.01:489][  0]LogConfig: Setting CVar [[r.SkyAtmosphere.AerialPerspectiveLUT.FastApplyOnOpaque:1 ; Always have FastSkyLUT 1 in this case to avoid wrong sky]]
[2021.01.08-11.17.01:489][  0]LogConfig: Setting CVar [[r.SkyAtmosphere.AerialPerspectiveLUT.SampleCountPerSlice:1]]
[2021.01.08-11.17.01:489][  0]LogConfig: Setting CVar [[r.SkyAtmosphere.AerialPerspectiveLUT.DepthResolution:16.0]]
[2021.01.08-11.17.01:489][  0]LogConfig: Setting CVar [[r.SkyAtmosphere.FastSkyLUT:1]]
[2021.01.08-11.17.01:489][  0]LogConfig: Setting CVar [[r.SkyAtmosphere.FastSkyLUT.SampleCountMin:4.0]]
[2021.01.08-11.17.01:489][  0]LogConfig: Setting CVar [[r.SkyAtmosphere.FastSkyLUT.SampleCountMax:32.0]]
[2021.01.08-11.17.01:489][  0]LogConfig: Setting CVar [[r.SkyAtmosphere.SampleCountMin:4.0]]
[2021.01.08-11.17.01:489][  0]LogConfig: Setting CVar [[r.SkyAtmosphere.SampleCountMax:32.0]]
[2021.01.08-11.17.01:489][  0]LogConfig: Setting CVar [[r.SkyAtmosphere.TransmittanceLUT.UseSmallFormat:0]]
[2021.01.08-11.17.01:489][  0]LogConfig: Setting CVar [[r.SkyAtmosphere.TransmittanceLUT.SampleCount:10.0]]
[2021.01.08-11.17.01:489][  0]LogConfig: Setting CVar [[r.SkyAtmosphere.MultiScatteringLUT.SampleCount:15.0]]
[2021.01.08-11.17.01:489][  0]LogConfig: Applying CVar settings from Section [FoliageQuality@3] File [C:/Users/abris/phantasma/PuzzlePlatforms/Saved/Config/Windows/Scalability.ini]
[2021.01.08-11.17.01:489][  0]LogConfig: Setting CVar [[foliage.DensityScale:1.0]]
[2021.01.08-11.17.01:489][  0]LogConfig: Setting CVar [[grass.DensityScale:1.0]]
[2021.01.08-11.17.01:489][  0]LogConfig: Applying CVar settings from Section [ShadingQuality@3] File [C:/Users/abris/phantasma/PuzzlePlatforms/Saved/Config/Windows/Scalability.ini]
[2021.01.08-11.17.01:489][  0]LogConfig: Setting CVar [[r.HairStrands.SkyLighting.SampleCount:16]]
[2021.01.08-11.17.01:489][  0]LogConfig: Setting CVar [[r.HairStrands.SkyLighting.JitterIntegration:0]]
[2021.01.08-11.17.01:489][  0]LogConfig: Setting CVar [[r.HairStrands.SkyAO.SampleCount:16]]
[2021.01.08-11.17.01:489][  0]LogConfig: Setting CVar [[r.HairStrands.DeepShadow.SuperSampling:0]]
[2021.01.08-11.17.01:489][  0]LogConfig: Setting CVar [[r.HairStrands.VisibilityPPLL:0]]
[2021.01.08-11.17.01:489][  0]LogConfig: Setting CVar [[r.HairStrands.RasterizationScale:0.5]]
[2021.01.08-11.17.01:489][  0]LogConfig: Setting CVar [[r.HairStrands.VelocityRasterizationScale:1]]
[2021.01.08-11.17.01:489][  0]LogInit: Selected Device Profile: [Windows]
[2021.01.08-11.17.01:489][  0]LogInit: Applying CVar settings loaded from the selected device profile: [Windows]
[2021.01.08-11.17.01:489][  0]LogHAL: Display: Platform has ~ 32 GB [34182582272 / 34359738368 / 32], which maps to Largest [LargestMinGB=32, LargerMinGB=12, DefaultMinGB=8, SmallerMinGB=6, SmallestMinGB=0)
[2021.01.08-11.17.01:489][  0]LogInit: Going up to parent DeviceProfile []
[2021.01.08-11.17.01:489][  0]LogConfig: Applying CVar settings from Section [ViewDistanceQuality@3] File [C:/Users/abris/phantasma/PuzzlePlatforms/Saved/Config/Windows/Scalability.ini]
[2021.01.08-11.17.01:489][  0]LogConfig: Setting CVar [[r.SkeletalMeshLODBias:0]]
[2021.01.08-11.17.01:489][  0]LogConfig: Setting CVar [[r.ViewDistanceScale:1.0]]
[2021.01.08-11.17.01:489][  0]LogConfig: Applying CVar settings from Section [AntiAliasingQuality@3] File [C:/Users/abris/phantasma/PuzzlePlatforms/Saved/Config/Windows/Scalability.ini]
[2021.01.08-11.17.01:489][  0]LogConfig: Setting CVar [[r.PostProcessAAQuality:4]]
[2021.01.08-11.17.01:489][  0]LogConfig: Applying CVar settings from Section [ShadowQuality@3] File [C:/Users/abris/phantasma/PuzzlePlatforms/Saved/Config/Windows/Scalability.ini]
[2021.01.08-11.17.01:489][  0]LogConfig: Setting CVar [[r.LightFunctionQuality:1]]
[2021.01.08-11.17.01:489][  0]LogConfig: Setting CVar [[r.ShadowQuality:5]]
[2021.01.08-11.17.01:489][  0]LogConfig: Setting CVar [[r.Shadow.CSM.MaxCascades:10]]
[2021.01.08-11.17.01:489][  0]LogConfig: Setting CVar [[r.Shadow.MaxResolution:2048]]
[2021.01.08-11.17.01:489][  0]LogConfig: Setting CVar [[r.Shadow.MaxCSMResolution:2048]]
[2021.01.08-11.17.01:489][  0]LogConfig: Setting CVar [[r.Shadow.RadiusThreshold:0.01]]
[2021.01.08-11.17.01:489][  0]LogConfig: Setting CVar [[r.Shadow.DistanceScale:1.0]]
[2021.01.08-11.17.01:489][  0]LogConfig: Setting CVar [[r.Shadow.CSM.TransitionScale:1.0]]
[2021.01.08-11.17.01:489][  0]LogConfig: Setting CVar [[r.Shadow.PreShadowResolutionFactor:1.0]]
[2021.01.08-11.17.01:489][  0]LogConfig: Setting CVar [[r.DistanceFieldShadowing:1]]
[2021.01.08-11.17.01:489][  0]LogConfig: Setting CVar [[r.DistanceFieldAO:1]]
[2021.01.08-11.17.01:489][  0]LogConfig: Setting CVar [[r.AOQuality:2]]
[2021.01.08-11.17.01:489][  0]LogConfig: Setting CVar [[r.VolumetricFog:1]]
[2021.01.08-11.17.01:489][  0]LogConfig: Setting CVar [[r.VolumetricFog.GridPixelSize:8]]
[2021.01.08-11.17.01:489][  0]LogConfig: Setting CVar [[r.VolumetricFog.GridSizeZ:128]]
[2021.01.08-11.17.01:489][  0]LogConfig: Setting CVar [[r.VolumetricFog.HistoryMissSupersampleCount:4]]
[2021.01.08-11.17.01:489][  0]LogConfig: Setting CVar [[r.LightMaxDrawDistanceScale:1]]
[2021.01.08-11.17.01:489][  0]LogConfig: Setting CVar [[r.CapsuleShadows:1]]
[2021.01.08-11.17.01:489][  0]LogConfig: Applying CVar settings from Section [PostProcessQuality@3] File [C:/Users/abris/phantasma/PuzzlePlatforms/Saved/Config/Windows/Scalability.ini]
[2021.01.08-11.17.01:489][  0]LogConfig: Setting CVar [[r.MotionBlurQuality:4]]
[2021.01.08-11.17.01:489][  0]LogConfig: Setting CVar [[r.AmbientOcclusionMipLevelFactor:0.4]]
[2021.01.08-11.17.01:489][  0]LogConfig: Setting CVar [[r.AmbientOcclusionMaxQuality:100]]
[2021.01.08-11.17.01:489][  0]LogConfig: Setting CVar [[r.AmbientOcclusionLevels:-1]]
[2021.01.08-11.17.01:489][  0]LogConfig: Setting CVar [[r.AmbientOcclusionRadiusScale:1.0]]
[2021.01.08-11.17.01:489][  0]LogConfig: Setting CVar [[r.DepthOfFieldQuality:2]]
[2021.01.08-11.17.01:489][  0]LogConfig: Setting CVar [[r.RenderTargetPoolMin:400]]
[2021.01.08-11.17.01:490][  0]LogConfig: Setting CVar [[r.LensFlareQuality:2]]
[2021.01.08-11.17.01:490][  0]LogConfig: Setting CVar [[r.SceneColorFringeQuality:1]]
[2021.01.08-11.17.01:490][  0]LogConfig: Setting CVar [[r.EyeAdaptationQuality:2]]
[2021.01.08-11.17.01:490][  0]LogConfig: Setting CVar [[r.BloomQuality:5]]
[2021.01.08-11.17.01:490][  0]LogConfig: Setting CVar [[r.FastBlurThreshold:100]]
[2021.01.08-11.17.01:490][  0]LogConfig: Setting CVar [[r.Upscale.Quality:3]]
[2021.01.08-11.17.01:490][  0]LogConfig: Setting CVar [[r.Tonemapper.GrainQuantization:1]]
[2021.01.08-11.17.01:490][  0]LogConfig: Setting CVar [[r.LightShaftQuality:1]]
[2021.01.08-11.17.01:490][  0]LogConfig: Setting CVar [[r.Filter.SizeScale:1]]
[2021.01.08-11.17.01:490][  0]LogConfig: Setting CVar [[r.Tonemapper.Quality:5]]
[2021.01.08-11.17.01:490][  0]LogConfig: Setting CVar [[r.DOF.Gather.AccumulatorQuality:1        ; higher gathering accumulator quality]]
[2021.01.08-11.17.01:490][  0]LogConfig: Setting CVar [[r.DOF.Gather.PostfilterMethod:1          ; Median3x3 postfilering method]]
[2021.01.08-11.17.01:490][  0]LogConfig: Setting CVar [[r.DOF.Gather.EnableBokehSettings:0       ; no bokeh simulation when gathering]]
[2021.01.08-11.17.01:490][  0]LogConfig: Setting CVar [[r.DOF.Gather.RingCount:4                 ; medium number of samples when gathering]]
[2021.01.08-11.17.01:490][  0]LogConfig: Setting CVar [[r.DOF.Scatter.ForegroundCompositing:1    ; additive foreground scattering]]
[2021.01.08-11.17.01:490][  0]LogConfig: Setting CVar [[r.DOF.Scatter.BackgroundCompositing:2    ; additive background scattering]]
[2021.01.08-11.17.01:490][  0]LogConfig: Setting CVar [[r.DOF.Scatter.EnableBokehSettings:1      ; bokeh simulation when scattering]]
[2021.01.08-11.17.01:490][  0]LogConfig: Setting CVar [[r.DOF.Scatter.MaxSpriteRatio:0.1         ; only a maximum of 10% of scattered bokeh]]
[2021.01.08-11.17.01:490][  0]LogConfig: Setting CVar [[r.DOF.Recombine.Quality:1                ; cheap slight out of focus]]
[2021.01.08-11.17.01:490][  0]LogConfig: Setting CVar [[r.DOF.Recombine.EnableBokehSettings:0    ; no bokeh simulation on slight out of focus]]
[2021.01.08-11.17.01:490][  0]LogConfig: Setting CVar [[r.DOF.TemporalAAQuality:1                ; more stable temporal accumulation]]
[2021.01.08-11.17.01:490][  0]LogConfig: Setting CVar [[r.DOF.Kernel.MaxForegroundRadius:0.025]]
[2021.01.08-11.17.01:490][  0]LogConfig: Setting CVar [[r.DOF.Kernel.MaxBackgroundRadius:0.025]]
[2021.01.08-11.17.01:490][  0]LogConfig: Applying CVar settings from Section [TextureQuality@3] File [C:/Users/abris/phantasma/PuzzlePlatforms/Saved/Config/Windows/Scalability.ini]
[2021.01.08-11.17.01:490][  0]LogConfig: Setting CVar [[r.Streaming.MipBias:0]]
[2021.01.08-11.17.01:490][  0]LogConfig: Setting CVar [[r.Streaming.AmortizeCPUToGPUCopy:0]]
[2021.01.08-11.17.01:490][  0]LogConfig: Setting CVar [[r.Streaming.MaxNumTexturesToStreamPerFrame:0]]
[2021.01.08-11.17.01:490][  0]LogConfig: Setting CVar [[r.Streaming.Boost:1]]
[2021.01.08-11.17.01:490][  0]LogConfig: Setting CVar [[r.MaxAnisotropy:8]]
[2021.01.08-11.17.01:490][  0]LogConfig: Setting CVar [[r.VT.MaxAnisotropy:8]]
[2021.01.08-11.17.01:490][  0]LogConfig: Setting CVar [[r.Streaming.LimitPoolSizeToVRAM:0]]
[2021.01.08-11.17.01:490][  0]LogConfig: Setting CVar [[r.Streaming.PoolSize:1000]]
[2021.01.08-11.17.01:490][  0]LogConfig: Setting CVar [[r.Streaming.MaxEffectiveScreenSize:0]]
[2021.01.08-11.17.01:490][  0]LogConfig: Applying CVar settings from Section [EffectsQuality@3] File [C:/Users/abris/phantasma/PuzzlePlatforms/Saved/Config/Windows/Scalability.ini]
[2021.01.08-11.17.01:490][  0]LogConfig: Setting CVar [[r.TranslucencyLightingVolumeDim:64]]
[2021.01.08-11.17.01:490][  0]LogConfig: Setting CVar [[r.RefractionQuality:2]]
[2021.01.08-11.17.01:490][  0]LogConfig: Setting CVar [[r.SSR.Quality:3]]
[2021.01.08-11.17.01:490][  0]LogConfig: Setting CVar [[r.SSR.HalfResSceneColor:0]]
[2021.01.08-11.17.01:490][  0]LogConfig: Setting CVar [[r.SceneColorFormat:4]]
[2021.01.08-11.17.01:490][  0]LogConfig: Setting CVar [[r.DetailMode:2]]
[2021.01.08-11.17.01:490][  0]LogConfig: Setting CVar [[r.TranslucencyVolumeBlur:1]]
[2021.01.08-11.17.01:490][  0]LogConfig: Setting CVar [[r.MaterialQualityLevel:1 ; High quality]]
[2021.01.08-11.17.01:490][  0]LogConfig: Setting CVar [[r.SSS.Scale:1]]
[2021.01.08-11.17.01:490][  0]LogConfig: Setting CVar [[r.SSS.SampleSet:2]]
[2021.01.08-11.17.01:490][  0]LogConfig: Setting CVar [[r.SSS.Quality:1]]
[2021.01.08-11.17.01:490][  0]LogConfig: Setting CVar [[r.SSS.HalfRes:0]]
[2021.01.08-11.17.01:490][  0]LogConfig: Setting CVar [[r.SSGI.Quality:3]]
[2021.01.08-11.17.01:490][  0]LogConfig: Setting CVar [[r.EmitterSpawnRateScale:1.0]]
[2021.01.08-11.17.01:490][  0]LogConfig: Setting CVar [[r.ParticleLightQuality:2]]
[2021.01.08-11.17.01:490][  0]LogConfig: Setting CVar [[r.SkyAtmosphere.AerialPerspectiveLUT.FastApplyOnOpaque:1 ; Always have FastSkyLUT 1 in this case to avoid wrong sky]]
[2021.01.08-11.17.01:490][  0]LogConfig: Setting CVar [[r.SkyAtmosphere.AerialPerspectiveLUT.SampleCountPerSlice:1]]
[2021.01.08-11.17.01:490][  0]LogConfig: Setting CVar [[r.SkyAtmosphere.AerialPerspectiveLUT.DepthResolution:16.0]]
[2021.01.08-11.17.01:490][  0]LogConfig: Setting CVar [[r.SkyAtmosphere.FastSkyLUT:1]]
[2021.01.08-11.17.01:490][  0]LogConfig: Setting CVar [[r.SkyAtmosphere.FastSkyLUT.SampleCountMin:4.0]]
[2021.01.08-11.17.01:490][  0]LogConfig: Setting CVar [[r.SkyAtmosphere.FastSkyLUT.SampleCountMax:32.0]]
[2021.01.08-11.17.01:490][  0]LogConfig: Setting CVar [[r.SkyAtmosphere.SampleCountMin:4.0]]
[2021.01.08-11.17.01:490][  0]LogConfig: Setting CVar [[r.SkyAtmosphere.SampleCountMax:32.0]]
[2021.01.08-11.17.01:490][  0]LogConfig: Setting CVar [[r.SkyAtmosphere.TransmittanceLUT.UseSmallFormat:0]]
[2021.01.08-11.17.01:490][  0]LogConfig: Setting CVar [[r.SkyAtmosphere.TransmittanceLUT.SampleCount:10.0]]
[2021.01.08-11.17.01:490][  0]LogConfig: Setting CVar [[r.SkyAtmosphere.MultiScatteringLUT.SampleCount:15.0]]
[2021.01.08-11.17.01:490][  0]LogConfig: Applying CVar settings from Section [FoliageQuality@3] File [C:/Users/abris/phantasma/PuzzlePlatforms/Saved/Config/Windows/Scalability.ini]
[2021.01.08-11.17.01:491][  0]LogConfig: Setting CVar [[foliage.DensityScale:1.0]]
[2021.01.08-11.17.01:491][  0]LogConfig: Setting CVar [[grass.DensityScale:1.0]]
[2021.01.08-11.17.01:491][  0]LogConfig: Applying CVar settings from Section [ShadingQuality@3] File [C:/Users/abris/phantasma/PuzzlePlatforms/Saved/Config/Windows/Scalability.ini]
[2021.01.08-11.17.01:491][  0]LogConfig: Setting CVar [[r.HairStrands.SkyLighting.SampleCount:16]]
[2021.01.08-11.17.01:491][  0]LogConfig: Setting CVar [[r.HairStrands.SkyLighting.JitterIntegration:0]]
[2021.01.08-11.17.01:491][  0]LogConfig: Setting CVar [[r.HairStrands.SkyAO.SampleCount:16]]
[2021.01.08-11.17.01:491][  0]LogConfig: Setting CVar [[r.HairStrands.DeepShadow.SuperSampling:0]]
[2021.01.08-11.17.01:491][  0]LogConfig: Setting CVar [[r.HairStrands.VisibilityPPLL:0]]
[2021.01.08-11.17.01:491][  0]LogConfig: Setting CVar [[r.HairStrands.RasterizationScale:0.5]]
[2021.01.08-11.17.01:491][  0]LogConfig: Setting CVar [[r.HairStrands.VelocityRasterizationScale:1]]
[2021.01.08-11.17.01:491][  0]LogConfig: Applying CVar settings from Section [Startup] File [../../../Engine/Config/ConsoleVariables.ini]
[2021.01.08-11.17.01:491][  0]LogConfig: Setting CVar [[net.UseAdaptiveNetUpdateFrequency:0]]
[2021.01.08-11.17.01:491][  0]LogConfig: Setting CVar [[p.chaos.AllowCreatePhysxBodies:1]]
[2021.01.08-11.17.01:491][  0]LogConfig: Setting CVar [[fx.SkipVectorVMBackendOptimizations:1]]
[2021.01.08-11.17.01:491][  0]LogConfig: Applying CVar settings from Section [ConsoleVariables] File [C:/Users/abris/phantasma/PuzzlePlatforms/Saved/Config/Windows/Engine.ini]
[2021.01.08-11.17.01:491][  0]LogInit: Computer: LAPTOP-TILJ995I
[2021.01.08-11.17.01:491][  0]LogInit: User: abris
[2021.01.08-11.17.01:491][  0]LogInit: CPU Page size=4096, Cores=6
[2021.01.08-11.17.01:491][  0]LogInit: High frequency timer resolution =10.000000 MHz
[2021.01.08-11.17.01:492][  0]LogMemory: Memory total: Physical=31.8GB (32GB approx)
[2021.01.08-11.17.01:492][  0]LogMemory: Platform Memory Stats for Windows
[2021.01.08-11.17.01:492][  0]LogMemory: Process Physical Memory: 114.77 MB used, 114.77 MB peak
[2021.01.08-11.17.01:492][  0]LogMemory: Process Virtual Memory: 97.39 MB used, 97.39 MB peak
[2021.01.08-11.17.01:492][  0]LogMemory: Physical Memory: 10027.59 MB used,  22571.46 MB free, 32599.05 MB total
[2021.01.08-11.17.01:492][  0]LogMemory: Virtual Memory: 5166.66 MB used,  134212560.00 MB free, 134217728.00 MB total
[2021.01.08-11.17.01:497][  0]LogWindows: WindowsPlatformFeatures enabled
[2021.01.08-11.17.01:522][  0]LogInit: Physics initialised using underlying interface: PhysX
[2021.01.08-11.17.01:523][  0]LogInit: Using OS detected language (en-US).
[2021.01.08-11.17.01:523][  0]LogInit: Using OS detected locale (en-DE).
[2021.01.08-11.17.01:526][  0]LogTextLocalizationManager: No specific localization for 'en-US' exists, so the 'en' localization will be used.
[2021.01.08-11.17.01:692][  0]LogInit: Setting process to per monitor DPI aware
[2021.01.08-11.17.01:715][  0]LogSlate: New Slate User Created.  User Index 0, Is Virtual User: 0
[2021.01.08-11.17.01:715][  0]LogSlate: Slate User Registered.  User Index 0, Is Virtual User: 0
[2021.01.08-11.17.01:857][  0]LogHMD: Failed to initialize OpenVR with code 110
[2021.01.08-11.17.01:857][  0]LogD3D11RHI: D3D11 min allowed feature level: 11_0
[2021.01.08-11.17.01:857][  0]LogD3D11RHI: D3D11 max allowed feature level: 11_0
[2021.01.08-11.17.01:857][  0]LogD3D11RHI: D3D11 adapters:
[2021.01.08-11.17.01:941][  0]LogD3D11RHI:    0. 'NVIDIA GeForce RTX 2070 with Max-Q Design' (Feature Level 11_0)
[2021.01.08-11.17.01:941][  0]LogD3D11RHI:       8031/0/16299 MB DedicatedVideo/DedicatedSystem/SharedSystem, Outputs:1, VendorId:0x10de
[2021.01.08-11.17.01:959][  0]LogD3D11RHI:    1. 'Intel(R) UHD Graphics' (Feature Level 11_0)
[2021.01.08-11.17.01:959][  0]LogD3D11RHI:       128/0/16299 MB DedicatedVideo/DedicatedSystem/SharedSystem, Outputs:0, VendorId:0x8086
[2021.01.08-11.17.01:960][  0]LogD3D11RHI:    2. 'Microsoft Basic Render Driver' (Feature Level 11_0)
[2021.01.08-11.17.01:960][  0]LogD3D11RHI:       0/0/16299 MB DedicatedVideo/DedicatedSystem/SharedSystem, Outputs:0, VendorId:0x1414
[2021.01.08-11.17.01:961][  0]LogD3D11RHI: Chosen D3D11 Adapter: 0
[2021.01.08-11.17.01:973][  0]LogD3D11RHI: Creating new Direct3DDevice
[2021.01.08-11.17.01:973][  0]LogD3D11RHI:     GPU DeviceId: 0x1f14 (for the marketing name, search the web for "GPU Device Id")
[2021.01.08-11.17.01:973][  0]LogWindows: EnumDisplayDevices:
[2021.01.08-11.17.01:973][  0]LogWindows:    0. 'Intel(R) UHD Graphics' (P:1 D:1)
[2021.01.08-11.17.01:974][  0]LogWindows:    1. 'Intel(R) UHD Graphics' (P:0 D:0)
[2021.01.08-11.17.01:974][  0]LogWindows:    2. 'Intel(R) UHD Graphics' (P:0 D:0)
[2021.01.08-11.17.01:974][  0]LogWindows:    3. 'NVIDIA GeForce RTX 2070 with Max-Q Design' (P:0 D:0)
[2021.01.08-11.17.01:974][  0]LogWindows:    4. 'NVIDIA GeForce RTX 2070 with Max-Q Design' (P:0 D:0)
[2021.01.08-11.17.01:974][  0]LogWindows:    5. 'NVIDIA GeForce RTX 2070 with Max-Q Design' (P:0 D:0)
[2021.01.08-11.17.01:974][  0]LogWindows:    6. 'NVIDIA GeForce RTX 2070 with Max-Q Design' (P:0 D:0)
[2021.01.08-11.17.01:974][  0]LogWindows: DebugString: PrimaryIsNotTheChoosenAdapter PrimaryIsNotTheChoosenAdapter PrimaryIsNotTheChoosenAdapter FoundDriverCount:4 
[2021.01.08-11.17.01:974][  0]LogD3D11RHI:     Adapter Name: NVIDIA GeForce RTX 2070 with Max-Q Design
[2021.01.08-11.17.01:974][  0]LogD3D11RHI:   Driver Version: 451.67 (internal:27.21.14.5167, unified:451.67)
[2021.01.08-11.17.01:974][  0]LogD3D11RHI:      Driver Date: 7-5-2020
[2021.01.08-11.17.01:974][  0]LogRHI: Texture pool is 5621 MB (70% of 8031 MB)
[2021.01.08-11.17.02:020][  0]LogD3D11RHI: RHI has support for 64 bit atomics
[2021.01.08-11.17.02:021][  0]LogD3D11RHI: Async texture creation enabled
[2021.01.08-11.17.02:021][  0]LogD3D11RHI: Array index from any shader is supported
[2021.01.08-11.17.02:032][  0]LogD3D11RHI: GPU Timing Frequency: 1000.000000 (Debug: 2 1)
[2021.01.08-11.17.02:264][  0]LogTargetPlatformManager: Display: Loaded TargetPlatform 'AllDesktop'
[2021.01.08-11.17.02:281][  0]LogTargetPlatformManager: Display: Loaded TargetPlatform 'Android'
[2021.01.08-11.17.02:281][  0]LogTargetPlatformManager: Display: Loaded TargetPlatform 'Android_ASTC'
[2021.01.08-11.17.02:281][  0]LogTargetPlatformManager: Display: Loaded TargetPlatform 'Android_DXT'
[2021.01.08-11.17.02:281][  0]LogTargetPlatformManager: Display: Loaded TargetPlatform 'Android_ETC2'
[2021.01.08-11.17.02:281][  0]LogTargetPlatformManager: Display: Loaded TargetPlatform 'AndroidClient'
[2021.01.08-11.17.02:281][  0]LogTargetPlatformManager: Display: Loaded TargetPlatform 'Android_ASTCClient'
[2021.01.08-11.17.02:281][  0]LogTargetPlatformManager: Display: Loaded TargetPlatform 'Android_DXTClient'
[2021.01.08-11.17.02:281][  0]LogTargetPlatformManager: Display: Loaded TargetPlatform 'Android_ETC2Client'
[2021.01.08-11.17.02:281][  0]LogTargetPlatformManager: Display: Loaded TargetPlatform 'Android_Multi'
[2021.01.08-11.17.02:281][  0]LogTargetPlatformManager: Display: Loaded TargetPlatform 'Android_MultiClient'
[2021.01.08-11.17.02:300][  0]LogTargetPlatformManager: Display: Loaded TargetPlatform 'IOSClient'
[2021.01.08-11.17.02:300][  0]LogTargetPlatformManager: Display: Loaded TargetPlatform 'IOS'
[2021.01.08-11.17.02:309][  0]LogTargetPlatformManager: Display: Loaded TargetPlatform 'Linux'
[2021.01.08-11.17.02:315][  0]LogTargetPlatformManager: Display: Loaded TargetPlatform 'LinuxNoEditor'
[2021.01.08-11.17.02:323][  0]LogTargetPlatformManager: Display: Loaded TargetPlatform 'LinuxClient'
[2021.01.08-11.17.02:330][  0]LogTargetPlatformManager: Display: Loaded TargetPlatform 'LinuxServer'
[2021.01.08-11.17.02:338][  0]LogTargetPlatformManager: Display: Loaded TargetPlatform 'LinuxAArch64NoEditor'
[2021.01.08-11.17.02:347][  0]LogTargetPlatformManager: Display: Loaded TargetPlatform 'LinuxAArch64Client'
[2021.01.08-11.17.02:354][  0]LogTargetPlatformManager: Display: Loaded TargetPlatform 'LinuxAArch64Server'
[2021.01.08-11.17.02:377][  0]LogTargetPlatformManager: Display: Loaded TargetPlatform 'Lumin'
[2021.01.08-11.17.02:377][  0]LogTargetPlatformManager: Display: Loaded TargetPlatform 'LuminClient'
[2021.01.08-11.17.02:391][  0]LogTargetPlatformManager: Display: Loaded TargetPlatform 'TVOSClient'
[2021.01.08-11.17.02:391][  0]LogTargetPlatformManager: Display: Loaded TargetPlatform 'TVOS'
[2021.01.08-11.17.02:399][  0]LogTargetPlatformManager: Display: Loaded TargetPlatform 'WindowsNoEditor'
[2021.01.08-11.17.02:408][  0]LogTargetPlatformManager: Display: Loaded TargetPlatform 'Windows'
[2021.01.08-11.17.02:416][  0]LogTargetPlatformManager: Display: Loaded TargetPlatform 'WindowsClient'
[2021.01.08-11.17.02:424][  0]LogTargetPlatformManager: Display: Loaded TargetPlatform 'WindowsServer'
[2021.01.08-11.17.02:424][  0]LogTargetPlatformManager: Display: Building Assets For Windows
[2021.01.08-11.17.02:430][  0]LogAudioDebug: Display: Lib vorbis DLL was dynamically loaded.
[2021.01.08-11.17.02:479][  0]LogShaderCompilers: Guid format shader working directory is -9 characters bigger than the processId version (../../../../../../Users/abris/phantasma/PuzzlePlatforms/Intermediate/Shaders/WorkingDirectory/2224/).
[2021.01.08-11.17.02:479][  0]LogShaderCompilers: Cleaned the shader compiler working directory 'C:/Users/abris/AppData/Local/Temp/UnrealShaderWorkingDir/F76D60074C5C9F261156DF9C72A78410/'.
[2021.01.08-11.17.02:479][  0]LogXGEController: Cannot use XGE Controller as Incredibuild is not installed on this machine.
[2021.01.08-11.17.02:479][  0]LogShaderCompilers: Cannot use XGE Shader Compiler as Incredibuild is not installed on this machine.
[2021.01.08-11.17.02:479][  0]LogShaderCompilers: Display: Using Local Shader Compiler.
[2021.01.08-11.17.03:132][  0]LogDerivedDataCache: Display: Max Cache Size: 512 MB
[2021.01.08-11.17.03:178][  0]LogDerivedDataCache: Loaded boot cache 0.05s 75MB C:/Users/abris/AppData/Local/UnrealEngine/4.25/DerivedDataCache/Boot.ddc.
[2021.01.08-11.17.03:178][  0]LogDerivedDataCache: Display: Loaded Boot cache: C:/Users/abris/AppData/Local/UnrealEngine/4.25/DerivedDataCache/Boot.ddc
[2021.01.08-11.17.03:178][  0]LogDerivedDataCache: FDerivedDataBackendGraph:  Pak pak cache file ../../../../../../Users/abris/phantasma/PuzzlePlatforms/DerivedDataCache/DDC.ddp not found, will not use a pak cache.
[2021.01.08-11.17.03:178][  0]LogDerivedDataCache: Unable to find inner node Pak for hierarchical cache Hierarchy.
[2021.01.08-11.17.03:178][  0]LogDerivedDataCache: FDerivedDataBackendGraph:  CompressedPak pak cache file ../../../../../../Users/abris/phantasma/PuzzlePlatforms/DerivedDataCache/Compressed.ddp not found, will not use a pak cache.
[2021.01.08-11.17.03:178][  0]LogDerivedDataCache: Unable to find inner node CompressedPak for hierarchical cache Hierarchy.
[2021.01.08-11.17.03:187][  0]LogDerivedDataCache: Display: Pak cache opened for reading ../../../Engine/DerivedDataCache/Compressed.ddp.
[2021.01.08-11.17.03:187][  0]LogDerivedDataCache: FDerivedDataBackendGraph:  EnterprisePak pak cache file ../../../Enterprise/DerivedDataCache/Compressed.ddp not found, will not use a pak cache.
[2021.01.08-11.17.03:187][  0]LogDerivedDataCache: Unable to find inner node EnterprisePak for hierarchical cache Hierarchy.
[2021.01.08-11.17.03:188][  0]LogDerivedDataCache: Using Local data cache path C:/Users/abris/AppData/Local/UnrealEngine/Common/DerivedDataCache: Writable
[2021.01.08-11.17.03:188][  0]LogDerivedDataCache: Shared data cache path not found in *engine.ini, will not use an Shared cache.
[2021.01.08-11.17.03:188][  0]LogDerivedDataCache: Unable to find inner node Shared for hierarchical cache Hierarchy.
[2021.01.08-11.17.03:232][  0]LogSlate: Using FreeType 2.10.0
[2021.01.08-11.17.03:232][  0]LogSlate: SlateFontServices - WITH_FREETYPE: 1, WITH_HARFBUZZ: 1
[2021.01.08-11.17.03:252][  0]LogAssetRegistry: FAssetRegistry took 0.0020 seconds to start up
[2021.01.08-11.17.03:445][  0]LogInit: Selected Device Profile: [Windows]
[2021.01.08-11.17.03:545][  0]LogMeshReduction: Using QuadricMeshReduction for automatic static mesh reduction
[2021.01.08-11.17.03:545][  0]LogMeshReduction: Using SimplygonMeshReduction for automatic skeletal mesh reduction
[2021.01.08-11.17.03:545][  0]LogMeshReduction: Using ProxyLODMeshReduction for automatic mesh merging
[2021.01.08-11.17.03:545][  0]LogMeshReduction: No distributed automatic mesh merging module available
[2021.01.08-11.17.03:545][  0]LogMeshMerging: No distributed automatic mesh merging module available
[2021.01.08-11.17.03:556][  0]LogNetVersion: PuzzlePlatforms 1.0.0, NetCL: 13144385, EngineNetVer: 14, GameNetVer: 0 (Checksum: 616656697)
[2021.01.08-11.17.03:917][  0]LogAISub: UAISubsystem::UAISubsystem AISubsystem (000001B0C68F1BC0), frame # 0
[2021.01.08-11.17.03:917][  0]LogAISub: UAISubsystem::UAISubsystem AIPerceptionSystem (000001B0CACF4680), frame # 0
[2021.01.08-11.17.03:918][  0]LogAISub: UAISubsystem::UAISubsystem EnvQueryManager (000001B0C6856000), frame # 0
[2021.01.08-11.17.03:962][  0]LogPackageLocalizationCache: Processed 19 localized package path(s) for 1 prioritized culture(s) in 0.039885 seconds
[2021.01.08-11.17.03:966][  0]LogUObjectArray: 15917 objects as part of root set at end of initial load.
[2021.01.08-11.17.03:967][  0]LogUObjectAllocator: 3965568 out of 0 bytes used by permanent object pool.
[2021.01.08-11.17.03:967][  0]LogUObjectArray: CloseDisregardForGC: 0/0 objects in disregard for GC pool
[2021.01.08-11.17.04:255][  0]LogTcpMessaging: Initializing TcpMessaging bridge
[2021.01.08-11.17.04:292][  0]LogUdpMessaging: Initializing bridge on interface 0.0.0.0:0 to multicast group 230.0.0.1:6666.
[2021.01.08-11.17.04:352][  0]SourceControl: Source control is disabled
[2021.01.08-11.17.04:353][  0]SourceControl: Source control is disabled
[2021.01.08-11.17.04:355][  0]SourceControl: Source control is disabled
[2021.01.08-11.17.04:357][  0]SourceControl: Source control is disabled
[2021.01.08-11.17.04:363][  0]SourceControl: Source control is disabled
[2021.01.08-11.17.04:567][  0]LogAndroidPermission: UAndroidPermissionCallbackProxy::GetInstance
[2021.01.08-11.17.04:582][  0]LogAudioCaptureCore: Display: No Audio Capture implementations found. Audio input will be silent.
[2021.01.08-11.17.04:582][  0]LogAudioCaptureCore: Display: No Audio Capture implementations found. Audio input will be silent.
[2021.01.08-11.17.04:622][  0]LogOcInput: OculusInput pre-init called
[2021.01.08-11.17.04:632][  0]LogWindows: Failed to load 'OVRPlugin.dll' (GetLastError=126)
[2021.01.08-11.17.04:632][  0]LogWindows: File 'OVRPlugin.dll' does not exist
[2021.01.08-11.17.04:683][  0]LogEngine: Initializing Engine...
[2021.01.08-11.17.04:684][  0]LogHMD: Failed to initialize OpenVR with code 110
[2021.01.08-11.17.04:684][  0]LogMagicLeap: Warning: VR disabled because ZI is not enabled.  To enable, in the editor, Edit -> Project Settings -> Plugins -> Magic Leap Plugin -> Enable Zero Iteration
[2021.01.08-11.17.04:685][  0]LogStats: UGameplayTagsManager::InitializeManager -  0.000 s
[2021.01.08-11.17.04:776][  0]LogInit: Initializing FReadOnlyCVARCache
[2021.01.08-11.17.04:782][  0]LogAIModule: Creating AISystem for world Untitled
[2021.01.08-11.17.04:782][  0]LogAISub: UAISubsystem::UAISubsystem EnvQueryManager (000001B0CCBFC800), frame # 0
[2021.01.08-11.17.04:782][  0]LogAISub: UAISubsystem::UAISubsystem AIPerceptionSystem (000001B0CCC14680), frame # 0
[2021.01.08-11.17.04:793][  0]LogAudioMixer: Display: Audio Mixer Platform Settings:
[2021.01.08-11.17.04:794][  0]LogAudioMixer: Display: 	Sample Rate:						  48000
[2021.01.08-11.17.04:794][  0]LogAudioMixer: Display: 	Callback Buffer Frame Size Requested: 1024
[2021.01.08-11.17.04:794][  0]LogAudioMixer: Display: 	Callback Buffer Frame Size To Use:	  1024
[2021.01.08-11.17.04:794][  0]LogAudioMixer: Display: 	Number of buffers to queue:			  2
[2021.01.08-11.17.04:794][  0]LogAudioMixer: Display: 	Max Channels (voices):				  32
[2021.01.08-11.17.04:794][  0]LogAudioMixer: Display: 	Number of Async Source Workers:		  0
[2021.01.08-11.17.04:794][  0]LogAudio: Display: AudioDevice MaxSources: 32
[2021.01.08-11.17.04:794][  0]LogAudio: Display: Using built-in audio occlusion.
[2021.01.08-11.17.04:794][  0]LogAudioMixer: Display: Initializing audio mixer.
[2021.01.08-11.17.04:806][  0]LogAudioMixer: Display: 0: FrontLeft
[2021.01.08-11.17.04:806][  0]LogAudioMixer: Display: 1: FrontRight
[2021.01.08-11.17.04:905][  0]LogAudioMixer: Display: Using Audio Device Speakers (Realtek(R) Audio)
[2021.01.08-11.17.04:906][  0]LogAudioMixer: Display: Initializing Sound Submixes...
[2021.01.08-11.17.04:908][  0]LogAudioMixer: Display: Creating Master Submix 'MasterSubmixDefault'
[2021.01.08-11.17.04:908][  0]LogAudioMixer: Display: Creating Master Submix 'MasterReverbSubmixDefault'
[2021.01.08-11.17.04:909][  0]LogAudioMixer: Display: Creating Master Submix 'MasterEQSubmixDefault'
[2021.01.08-11.17.04:910][  0]LogInit: FAudioDevice initialized.
[2021.01.08-11.17.04:910][  0]LogNetVersion: Set ProjectVersion to 1.0.0.0. Version Checksum will be recalculated on next use.
[2021.01.08-11.17.04:948][  0]LogDerivedDataCache: Saved boot cache 0.04s 75MB C:/Users/abris/AppData/Local/UnrealEngine/4.25/DerivedDataCache/Boot.ddc.
[2021.01.08-11.17.04:948][  0]LogInit: Texture streaming: Enabled
[2021.01.08-11.17.04:962][  0]LogEngineSessionManager: EngineSessionManager initialized
[2021.01.08-11.17.04:962][  0]LogEditorSessionSummary: Verbose: Initializing EditorSessionSummaryWriter for editor session tracking
[2021.01.08-11.17.04:965][  0]LogEditorSessionSummary: EditorSessionSummaryWriter initialized
[2021.01.08-11.17.04:978][  0]LogInit: Transaction tracking system initialized
[2021.01.08-11.17.04:995][  0]BlueprintLog: New page: Editor Load
[2021.01.08-11.17.05:070][  0]LocalizationService: Localization service is disabled
[2021.01.08-11.17.05:220][  0]LogCook: Display: Max memory allowance for cook 16384mb min free memory 0mb
[2021.01.08-11.17.05:220][  0]LogCook: Display: Mobile HDR setting 1
[2021.01.08-11.17.05:322][  0]LogFileCache: Scanning file cache for directory 'C:/Users/abris/phantasma/PuzzlePlatforms/Content/' took 0.00s
[2021.01.08-11.17.05:486][  0]SourceControl: Source control is disabled
[2021.01.08-11.17.05:486][  0]LogUnrealEdMisc: Loading editor; pre map load, took 5.287
[2021.01.08-11.17.05:486][  0]Cmd: MAP LOAD FILE="../../../../../../Users/abris/phantasma/PuzzlePlatforms/Content/ThirdPersonBP/Maps/ThirdPersonExampleMap.umap" TEMPLATE=0 SHOWPROGRESS=1 FEATURELEVEL=3
[2021.01.08-11.17.05:486][  0]LightingResults: New page: Lighting Build
[2021.01.08-11.17.05:487][  0]LogWorld: UWorld::CleanupWorld for Untitled, bSessionEnded=true, bCleanupResources=true
[2021.01.08-11.17.05:487][  0]LogSlate: InvalidateAllWidgets triggered.  All widgets were invalidated
[2021.01.08-11.17.05:487][  0]MapCheck: New page: Map Check
[2021.01.08-11.17.05:487][  0]LightingResults: New page: Lighting Build
[2021.01.08-11.17.05:497][  0]LogAISub: UAISubsystem::~UAISubsystem EnvQueryManager (000001B0CCBFC800), frame # 0
[2021.01.08-11.17.05:497][  0]LogAISub: UAISubsystem::~UAISubsystem AIPerceptionSystem (000001B0CCC14680), frame # 0
[2021.01.08-11.17.05:498][  0]LogUObjectHash: Compacting FUObjectHashTables data took   0.62ms
[2021.01.08-11.17.05:686][  0]LogAIModule: Creating AISystem for world ThirdPersonExampleMap
[2021.01.08-11.17.05:686][  0]LogAISub: UAISubsystem::UAISubsystem EnvQueryManager (000001B0BC85BE00), frame # 0
[2021.01.08-11.17.05:686][  0]LogAISub: UAISubsystem::UAISubsystem AIPerceptionSystem (000001B0BC8D8CC0), frame # 0
[2021.01.08-11.17.05:691][  0]LogEditorServer: Finished looking for orphan Actors (0.000 secs)
[2021.01.08-11.17.05:703][  0]LogUObjectHash: Compacting FUObjectHashTables data took   0.82ms
[2021.01.08-11.17.05:703][  0]Cmd: MAP CHECKDEP NOCLEARLOG
[2021.01.08-11.17.05:703][  0]MapCheck: Map check complete: 0 Error(s), 0 Warning(s), took 0,145ms to complete.
[2021.01.08-11.17.05:703][  0]LogFileHelpers: Loading map 'ThirdPersonExampleMap' took 0.217
[2021.01.08-11.17.05:704][  0]LogUnrealEdMisc: Total Editor Startup Time, took 5.505
[2021.01.08-11.17.05:782][  0]LogSlate: Updating window title bar state: overlay mode, drag disabled, window buttons hidden, title bar hidden
[2021.01.08-11.17.05:787][  0]LogSlate: Updating window title bar state: overlay mode, drag disabled, window buttons hidden, title bar hidden
[2021.01.08-11.17.05:792][  0]LogSlate: Updating window title bar state: overlay mode, drag disabled, window buttons hidden, title bar hidden
[2021.01.08-11.17.05:797][  0]LogSlate: Updating window title bar state: overlay mode, drag disabled, window buttons hidden, title bar hidden
[2021.01.08-11.17.05:802][  0]LogCollectionManager: Loaded 0 collections in 0.001126 seconds
[2021.01.08-11.17.05:819][  0]LogFileCache: Scanning file cache for directory 'C:/Users/abris/phantasma/PuzzlePlatforms/Saved/Collections/' took 0.00s
[2021.01.08-11.17.05:819][  0]LogFileCache: Scanning file cache for directory 'C:/Users/abris/phantasma/PuzzlePlatforms/Content/Developers/abris/Collections/' took 0.00s
[2021.01.08-11.17.05:819][  0]LogFileCache: Scanning file cache for directory 'C:/Users/abris/phantasma/PuzzlePlatforms/Content/Collections/' took 0.00s
[2021.01.08-11.17.05:819][  0]LogContentBrowser: Native class hierarchy populated in 0.0072 seconds. Added 3427 classes and 821 folders.
[2021.01.08-11.17.05:823][  0]LogContentBrowser: Native class hierarchy updated for 'WidgetCarousel' in 0.0002 seconds. Added 0 classes and 0 folders.
[2021.01.08-11.17.05:866][  0]LogContentBrowser: Native class hierarchy updated for 'AddContentDialog' in 0.0002 seconds. Added 0 classes and 0 folders.
[2021.01.08-11.17.05:870][  0]LogContentBrowser: Native class hierarchy updated for 'SceneOutliner' in 0.0002 seconds. Added 2 classes and 0 folders.
[2021.01.08-11.17.05:928][  0]LogSlate: Took 0.000147 seconds to synchronously load lazily loaded font '../../../Engine/Content/Slate/Fonts/Roboto-Regular.ttf' (155K)
[2021.01.08-11.17.05:930][  0]LogSlate: Took 0.000160 seconds to synchronously load lazily loaded font '../../../Engine/Content/Slate/Fonts/Roboto-Bold.ttf' (160K)
[2021.01.08-11.17.05:935][  0]LogSlate: Took 0.000884 seconds to synchronously load lazily loaded font '../../../Engine/Content/Editor/Slate/Fonts/FontAwesome.ttf' (139K)
[2021.01.08-11.17.05:984][  0]LogRenderer: Reallocating scene render targets to support 960x432 Format 10 NumSamples 1 (Frame:1).
[2021.01.08-11.17.06:072][  0]LogContentBrowser: Native class hierarchy updated for 'HierarchicalLODOutliner' in 0.0003 seconds. Added 0 classes and 0 folders.
[2021.01.08-11.17.06:072][  0]LogLoad: (Engine Initialization) Total time: 5.87 seconds
[2021.01.08-11.17.06:072][  0]LogLoad: (Engine Initialization) Total Blueprint compile time: 0.00 seconds
[2021.01.08-11.17.06:121][  0]LogAssetRegistry: Asset discovery search completed in 2.8695 seconds
[2021.01.08-11.17.06:126][  0]LogCollectionManager: Fixed up redirectors for 0 collections in 0.000002 seconds (updated 0 objects)
[2021.01.08-11.17.06:127][  0]LogContentStreaming: Texture pool size now 1000 MB
[2021.01.08-11.17.06:148][  0]LogSlate: Took 0.000165 seconds to synchronously load lazily loaded font '../../../Engine/Content/Slate/Fonts/Roboto-Light.ttf' (167K)
[2021.01.08-11.17.19:329][124]LogTemp: Repeating last play command: Selected Viewport
[2021.01.08-11.17.19:334][124]LogPlayLevel: PlayLevel: No blueprints needed recompiling
[2021.01.08-11.17.19:346][124]PIE: New page: PIE session: ThirdPersonExampleMap (8 Jan 2021, 13:17:19)
[2021.01.08-11.17.19:347][124]LogOnline: OSS: Creating online subsystem instance for: NULL
[2021.01.08-11.17.19:348][124]LogOnline: OSS: TryLoadSubsystemAndSetDefault: Loaded subsystem for module [NULL]
[2021.01.08-11.17.19:348][124]LogPlayLevel: Creating play world package: /Game/ThirdPersonBP/Maps/UEDPIE_0_ThirdPersonExampleMap
[2021.01.08-11.17.19:358][124]LogPlayLevel: PIE: StaticDuplicateObject took: (0.011447s)
[2021.01.08-11.17.19:360][124]LogAIModule: Creating AISystem for world ThirdPersonExampleMap
[2021.01.08-11.17.19:360][124]LogAISub: UAISubsystem::UAISubsystem EnvQueryManager (000001B0E1FCFE00), frame # 124
[2021.01.08-11.17.19:360][124]LogAISub: UAISubsystem::UAISubsystem AIPerceptionSystem (000001B0BC4E7EC0), frame # 124
[2021.01.08-11.17.19:360][124]LogPlayLevel: PIE: World Init took: (0.001444s)
[2021.01.08-11.17.19:360][124]LogPlayLevel: PIE: Created PIE world by copying editor world from /Game/ThirdPersonBP/Maps/ThirdPersonExampleMap.ThirdPersonExampleMap to /Game/ThirdPersonBP/Maps/UEDPIE_0_ThirdPersonExampleMap.ThirdPersonExampleMap (0.013060s)
[2021.01.08-11.17.19:371][124]LogUObjectHash: Compacting FUObjectHashTables data took   0.60ms
[2021.01.08-11.17.19:372][124]LogAudioMixer: Display: Audio Mixer Platform Settings:
[2021.01.08-11.17.19:373][124]LogAudioMixer: Display: 	Sample Rate:						  48000
[2021.01.08-11.17.19:373][124]LogAudioMixer: Display: 	Callback Buffer Frame Size Requested: 1024
[2021.01.08-11.17.19:373][124]LogAudioMixer: Display: 	Callback Buffer Frame Size To Use:	  1024
[2021.01.08-11.17.19:373][124]LogAudioMixer: Display: 	Number of buffers to queue:			  2
[2021.01.08-11.17.19:373][124]LogAudioMixer: Display: 	Max Channels (voices):				  32
[2021.01.08-11.17.19:373][124]LogAudioMixer: Display: 	Number of Async Source Workers:		  0
[2021.01.08-11.17.19:373][124]LogAudio: Display: AudioDevice MaxSources: 32
[2021.01.08-11.17.19:373][124]LogAudio: Display: Using built-in audio occlusion.
[2021.01.08-11.17.19:373][124]LogAudioMixer: Display: Initializing audio mixer.
[2021.01.08-11.17.19:374][124]LogAudioMixer: Display: 0: FrontLeft
[2021.01.08-11.17.19:374][124]LogAudioMixer: Display: 1: FrontRight
[2021.01.08-11.17.19:467][124]LogAudioMixer: Display: Using Audio Device Speakers (Realtek(R) Audio)
[2021.01.08-11.17.19:468][124]LogAudioMixer: Display: Initializing Sound Submixes...
[2021.01.08-11.17.19:468][124]LogAudioMixer: Display: Creating Master Submix 'MasterSubmixDefault'
[2021.01.08-11.17.19:468][124]LogAudioMixer: Display: Creating Master Submix 'MasterReverbSubmixDefault'
[2021.01.08-11.17.19:468][124]LogAudioMixer: Display: Creating Master Submix 'MasterEQSubmixDefault'
[2021.01.08-11.17.19:480][124]LogInit: FAudioDevice initialized.
[2021.01.08-11.17.19:493][124]LogLoad: Game class is 'ThirdPersonGameMode_C'
[2021.01.08-11.17.19:495][124]LogWorld: Bringing World /Game/ThirdPersonBP/Maps/UEDPIE_0_ThirdPersonExampleMap.ThirdPersonExampleMap up for play (max tick rate 60) at 2021.01.08-12.17.19
[2021.01.08-11.17.19:495][124]LogWorld: Bringing up level for play took: 0.001333
[2021.01.08-11.17.19:495][124]LogOnline: OSS: Creating online subsystem instance for: :Context_1
[2021.01.08-11.17.19:501][124]LogContentBrowser: Native class hierarchy updated for 'MovieSceneCapture' in 0.0003 seconds. Added 20 classes and 0 folders.
[2021.01.08-11.17.19:501][124]PIE: Server logged in
[2021.01.08-11.17.19:503][124]PIE: Play in editor total start time 0,17 seconds.
[2021.01.08-11.17.36:590][146]LogSlate: Updating window title bar state: overlay mode, drag disabled, window buttons hidden, title bar hidden
[2021.01.08-11.17.36:590][146]LogWorld: BeginTearingDown for /Game/ThirdPersonBP/Maps/UEDPIE_0_ThirdPersonExampleMap
[2021.01.08-11.17.36:590][146]LogWorld: UWorld::CleanupWorld for ThirdPersonExampleMap, bSessionEnded=true, bCleanupResources=true
[2021.01.08-11.17.36:591][146]LogSlate: InvalidateAllWidgets triggered.  All widgets were invalidated
[2021.01.08-11.17.36:598][146]LogPlayLevel: Display: Shutting down PIE online subsystems
[2021.01.08-11.17.36:599][146]LogSlate: InvalidateAllWidgets triggered.  All widgets were invalidated
[2021.01.08-11.17.36:624][146]LogSlate: Updating window title bar state: overlay mode, drag disabled, window buttons hidden, title bar hidden
[2021.01.08-11.17.36:624][146]LogAISub: UAISubsystem::~UAISubsystem AIPerceptionSystem (000001B0BC4E7EC0), frame # 1146
[2021.01.08-11.17.36:624][146]LogAISub: UAISubsystem::~UAISubsystem EnvQueryManager (000001B0E1FCFE00), frame # 1146
[2021.01.08-11.17.36:625][146]LogUObjectHash: Compacting FUObjectHashTables data took   0.62ms
[2021.01.08-11.17.36:655][148]LogPlayLevel: Display: Destroying online subsystem :Context_1
[2021.01.08-11.19.56:067][253]LogEditorViewport: Clicking on Actor (LMB): StaticMeshActor (Floor)
[2021.01.08-11.19.57:600][342]LogTemp: Repeating last play command: Selected Viewport
[2021.01.08-11.19.57:605][342]LogPlayLevel: PlayLevel: No blueprints needed recompiling
[2021.01.08-11.19.57:605][342]PIE: New page: PIE session: ThirdPersonExampleMap (8 Jan 2021, 13:19:57)
[2021.01.08-11.19.57:605][342]LogPlayLevel: Creating play world package: /Game/ThirdPersonBP/Maps/UEDPIE_0_ThirdPersonExampleMap
[2021.01.08-11.19.57:612][342]LogPlayLevel: PIE: StaticDuplicateObject took: (0.007475s)
[2021.01.08-11.19.57:613][342]LogAIModule: Creating AISystem for world ThirdPersonExampleMap
[2021.01.08-11.19.57:613][342]LogAISub: UAISubsystem::UAISubsystem EnvQueryManager (000001B0EAD6BE00), frame # 3342
[2021.01.08-11.19.57:613][342]LogAISub: UAISubsystem::UAISubsystem AIPerceptionSystem (000001B0BC4B2700), frame # 3342
[2021.01.08-11.19.57:613][342]LogPlayLevel: PIE: World Init took: (0.001106s)
[2021.01.08-11.19.57:613][342]LogPlayLevel: PIE: Created PIE world by copying editor world from /Game/ThirdPersonBP/Maps/ThirdPersonExampleMap.ThirdPersonExampleMap to /Game/ThirdPersonBP/Maps/UEDPIE_0_ThirdPersonExampleMap.ThirdPersonExampleMap (0.008685s)
[2021.01.08-11.19.57:624][342]LogUObjectHash: Compacting FUObjectHashTables data took   0.76ms
[2021.01.08-11.19.57:625][342]LogAudioMixer: Display: Audio Mixer Platform Settings:
[2021.01.08-11.19.57:625][342]LogAudioMixer: Display: 	Sample Rate:						  48000
[2021.01.08-11.19.57:625][342]LogAudioMixer: Display: 	Callback Buffer Frame Size Requested: 1024
[2021.01.08-11.19.57:625][342]LogAudioMixer: Display: 	Callback Buffer Frame Size To Use:	  1024
[2021.01.08-11.19.57:625][342]LogAudioMixer: Display: 	Number of buffers to queue:			  2
[2021.01.08-11.19.57:625][342]LogAudioMixer: Display: 	Max Channels (voices):				  32
[2021.01.08-11.19.57:625][342]LogAudioMixer: Display: 	Number of Async Source Workers:		  0
[2021.01.08-11.19.57:625][342]LogAudio: Display: AudioDevice MaxSources: 32
[2021.01.08-11.19.57:626][342]LogAudio: Display: Using built-in audio occlusion.
[2021.01.08-11.19.57:626][342]LogAudioMixer: Display: Initializing audio mixer.
[2021.01.08-11.19.57:627][342]LogAudioMixer: Display: 0: FrontLeft
[2021.01.08-11.19.57:627][342]LogAudioMixer: Display: 1: FrontRight
[2021.01.08-11.19.57:712][342]LogAudioMixer: Display: Using Audio Device Speakers (Realtek(R) Audio)
[2021.01.08-11.19.57:712][342]LogAudioMixer: Display: Initializing Sound Submixes...
[2021.01.08-11.19.57:712][342]LogAudioMixer: Display: Creating Master Submix 'MasterSubmixDefault'
[2021.01.08-11.19.57:712][342]LogAudioMixer: Display: Creating Master Submix 'MasterReverbSubmixDefault'
[2021.01.08-11.19.57:713][342]LogAudioMixer: Display: Creating Master Submix 'MasterEQSubmixDefault'
[2021.01.08-11.19.57:723][342]LogInit: FAudioDevice initialized.
[2021.01.08-11.19.57:734][342]LogLoad: Game class is 'ThirdPersonGameMode_C'
[2021.01.08-11.19.57:736][342]LogWorld: Bringing World /Game/ThirdPersonBP/Maps/UEDPIE_0_ThirdPersonExampleMap.ThirdPersonExampleMap up for play (max tick rate 60) at 2021.01.08-12.19.57
[2021.01.08-11.19.57:736][342]LogWorld: Bringing up level for play took: 0.001154
[2021.01.08-11.19.57:736][342]LogOnline: OSS: Creating online subsystem instance for: :Context_4
[2021.01.08-11.19.57:737][342]LogNet: ReplicationDriverClass is null! Not using ReplicationDriver.
[2021.01.08-11.19.57:738][342]LogNetCore: DDoS detection status: detection enabled: 0 analytics enabled: 0
[2021.01.08-11.19.57:738][342]LogInit: WinSock: Socket queue. Rx: 131072 (config 131072) Tx: 131072 (config 131072)
[2021.01.08-11.19.57:738][342]LogNet: Created socket for bind address: 0.0.0.0 on port 17777
[2021.01.08-11.19.57:738][342]PacketHandlerLog: Loaded PacketHandler component: Engine.EngineHandlerComponentFactory (StatelessConnectHandlerComponent)
[2021.01.08-11.19.57:738][342]LogNet: GameNetDriver IpNetDriver_0 IpNetDriver listening on port 17777
[2021.01.08-11.19.57:738][342]PIE: Server logged in
[2021.01.08-11.19.57:739][342]PIE: Play in editor total start time 0,135 seconds.
[2021.01.08-11.19.57:740][342]LogAudioMixer: Display: Audio Mixer Platform Settings:
[2021.01.08-11.19.57:740][342]LogAudioMixer: Display: 	Sample Rate:						  48000
[2021.01.08-11.19.57:740][342]LogAudioMixer: Display: 	Callback Buffer Frame Size Requested: 1024
[2021.01.08-11.19.57:740][342]LogAudioMixer: Display: 	Callback Buffer Frame Size To Use:	  1024
[2021.01.08-11.19.57:740][342]LogAudioMixer: Display: 	Number of buffers to queue:			  2
[2021.01.08-11.19.57:740][342]LogAudioMixer: Display: 	Max Channels (voices):				  32
[2021.01.08-11.19.57:740][342]LogAudioMixer: Display: 	Number of Async Source Workers:		  0
[2021.01.08-11.19.57:740][342]LogAudio: Display: AudioDevice MaxSources: 32
[2021.01.08-11.19.57:741][342]LogAudio: Display: Using built-in audio occlusion.
[2021.01.08-11.19.57:741][342]LogAudioMixer: Display: Initializing audio mixer.
[2021.01.08-11.19.57:743][342]LogAudioMixer: Display: 0: FrontLeft
[2021.01.08-11.19.57:743][342]LogAudioMixer: Display: 1: FrontRight
[2021.01.08-11.19.57:823][342]LogAudioMixer: Display: Using Audio Device Speakers (Realtek(R) Audio)
[2021.01.08-11.19.57:823][342]LogAudioMixer: Display: Initializing Sound Submixes...
[2021.01.08-11.19.57:823][342]LogAudioMixer: Display: Creating Master Submix 'MasterSubmixDefault'
[2021.01.08-11.19.57:823][342]LogAudioMixer: Display: Creating Master Submix 'MasterReverbSubmixDefault'
[2021.01.08-11.19.57:824][342]LogAudioMixer: Display: Creating Master Submix 'MasterEQSubmixDefault'
[2021.01.08-11.19.57:834][342]LogInit: FAudioDevice initialized.
[2021.01.08-11.19.57:859][342]LogSlate: Updating window title bar state: overlay mode, drag disabled, window buttons hidden, title bar hidden
[2021.01.08-11.19.57:859][342]LogNet: Browse: 127.0.0.1:17777/Game/ThirdPersonBP/Maps/ThirdPersonExampleMap
[2021.01.08-11.19.57:860][342]LogInit: WinSock: Socket queue. Rx: 32768 (config 32768) Tx: 32768 (config 32768)
[2021.01.08-11.19.57:860][342]LogNet: Created socket for bind address: 0.0.0.0 on port 0
[2021.01.08-11.19.57:860][342]PacketHandlerLog: Loaded PacketHandler component: Engine.EngineHandlerComponentFactory (StatelessConnectHandlerComponent)
[2021.01.08-11.19.57:860][342]LogNet: Game client on port 17777, rate 10000
[2021.01.08-11.19.57:862][342]PIE: Client logged in
[2021.01.08-11.19.57:863][342]PIE: Play in editor total start time 0,26 seconds.
[2021.01.08-11.19.58:881][402]LogNet: NotifyAcceptingConnection accepted from: 127.0.0.1:51769
[2021.01.08-11.19.58:881][402]LogHandshake: SendConnectChallenge. Timestamp: 1.297609, Cookie: 134149207093019050218117250108086085180047058165038003101186
[2021.01.08-11.19.58:881][402]LogHandshake: SendChallengeResponse. Timestamp: 1.297609, Cookie: 134149207093019050218117250108086085180047058165038003101186
[2021.01.08-11.19.58:898][403]LogNet: NotifyAcceptingConnection accepted from: 127.0.0.1:51769
[2021.01.08-11.19.58:898][403]LogHandshake: SendChallengeAck. InCookie: 134149207093019050218117250108086085180047058165038003101186
[2021.01.08-11.19.58:898][403]LogNet: Server accepting post-challenge connection from: 127.0.0.1:51769
[2021.01.08-11.19.58:898][403]PacketHandlerLog: Loaded PacketHandler component: Engine.EngineHandlerComponentFactory (StatelessConnectHandlerComponent)
[2021.01.08-11.19.58:899][403]LogNet: NotifyAcceptedConnection: Name: ThirdPersonExampleMap, TimeStamp: 01/08/21 12:19:58, [UNetConnection] RemoteAddr: 127.0.0.1:51769, Name: IpConnection_1, Driver: GameNetDriver IpNetDriver_0, IsServer: YES, PC: NULL, Owner: NULL, UniqueId: INVALID
[2021.01.08-11.19.58:899][403]LogNet: AddClientConnection: Added client connection: [UNetConnection] RemoteAddr: 127.0.0.1:51769, Name: IpConnection_1, Driver: GameNetDriver IpNetDriver_0, IsServer: YES, PC: NULL, Owner: NULL, UniqueId: INVALID
[2021.01.08-11.19.58:899][403]LogNetVersion: PuzzlePlatforms 1.0.0.0, NetCL: 13144385, EngineNetVer: 14, GameNetVer: 0 (Checksum: 414049004)
[2021.01.08-11.19.58:899][403]LogNet: UPendingNetGame::SendInitialJoin: Sending hello. [UNetConnection] RemoteAddr: 127.0.0.1:17777, Name: IpConnection_0, Driver: PendingNetDriver IpNetDriver_1, IsServer: NO, PC: NULL, Owner: NULL, UniqueId: INVALID
[2021.01.08-11.19.58:914][404]LogNet: NotifyAcceptingChannel Control 0 server World /Game/ThirdPersonBP/Maps/UEDPIE_0_ThirdPersonExampleMap.ThirdPersonExampleMap: Accepted
[2021.01.08-11.19.58:914][404]LogNet: Remote platform little endian=1
[2021.01.08-11.19.58:914][404]LogNet: This platform little endian=1
[2021.01.08-11.19.58:915][404]LogOnline: OSS: Creating online subsystem instance for: :Context_5
[2021.01.08-11.19.58:931][405]LogNet: Login request: ?Name=LAPTOP-TILJ995I-33D11114493B4861C1E052B9C00169DC userId: NULL:LAPTOP-TILJ995I-33D11114493B4861C1E052B9C00169DC platform: NULL
[2021.01.08-11.19.58:932][405]LogNet: Welcomed by server (Level: /Game/ThirdPersonBP/Maps/UEDPIE_0_ThirdPersonExampleMap, Game: /Game/ThirdPersonBP/Blueprints/ThirdPersonGameMode.ThirdPersonGameMode_C)
[2021.01.08-11.19.58:932][405]LogLoad: LoadMap: 127.0.0.1:17777/Game/ThirdPersonBP/Maps/UEDPIE_0_ThirdPersonExampleMap?game=/Game/ThirdPersonBP/Blueprints/ThirdPersonGameMode.ThirdPersonGameMode_C
[2021.01.08-11.19.58:932][405]LogWorld: BeginTearingDown for /Temp/Untitled_1
[2021.01.08-11.19.58:932][405]LogWorld: UWorld::CleanupWorld for Untitled, bSessionEnded=true, bCleanupResources=true
[2021.01.08-11.19.58:932][405]LogSlate: InvalidateAllWidgets triggered.  All widgets were invalidated
[2021.01.08-11.19.58:942][405]LogUObjectHash: Compacting FUObjectHashTables data took   0.51ms
[2021.01.08-11.19.58:952][405]LogAIModule: Creating AISystem for world ThirdPersonExampleMap
[2021.01.08-11.19.58:952][405]LogAISub: UAISubsystem::UAISubsystem EnvQueryManager (000001B0E235EA00), frame # 3405
[2021.01.08-11.19.58:952][405]LogAISub: UAISubsystem::UAISubsystem AIPerceptionSystem (000001B0E28D5080), frame # 3405
[2021.01.08-11.19.58:957][405]LogWorld: Bringing World /Game/ThirdPersonBP/Maps/UEDPIE_1_ThirdPersonExampleMap.ThirdPersonExampleMap up for play (max tick rate 60) at 2021.01.08-12.19.58
[2021.01.08-11.19.58:957][405]LogWorld: Bringing up level for play took: 0.004022
[2021.01.08-11.19.58:957][405]LogLoad: Took 0.024825 seconds to LoadMap(/Game/ThirdPersonBP/Maps/UEDPIE_0_ThirdPersonExampleMap)
[2021.01.08-11.19.58:957][405]LogNavigation: Warning: NavData RegistrationFailed_DataPendingKill.
[2021.01.08-11.19.58:962][406]LogNet: Client netspeed is 10000
[2021.01.08-11.19.58:962][406]LogNet: Join request: /Game/ThirdPersonBP/Maps/ThirdPersonExampleMap?Name=LAPTOP-TILJ995I-33D11114493B4861C1E052B9C00169DC?SplitscreenCount=1
[2021.01.08-11.19.58:962][406]LogOnlineSession: Warning: OSS: No game present to join for session (GameSession)
[2021.01.08-11.19.58:964][406]LogNet: Join succeeded: LAPTOP-TILJ995I-33D1
[2021.01.08-11.19.58:979][407]LogRenderer: Reallocating scene render targets to support 960x480 Format 10 NumSamples 1 (Frame:1).
[2021.01.08-11.19.59:091][413]LogOnlineSession: Warning: OSS: No game present to join for session (GameSession)
[2021.01.08-11.19.59:107][414]LogOnlineSession: Warning: OSS: No game present to join for session (GameSession)
[2021.01.08-11.20.19:098][583]LogEditorViewport: Clicking on Actor (LMB): ThirdPersonCharacter_C (ThirdPersonCharacter)
[2021.01.08-11.20.35:569][564]LogSlate: Updating window title bar state: overlay mode, drag disabled, window buttons hidden, title bar hidden
[2021.01.08-11.20.35:569][564]LogWorld: BeginTearingDown for /Game/ThirdPersonBP/Maps/UEDPIE_1_ThirdPersonExampleMap
[2021.01.08-11.20.35:569][564]LogSlate: Window 'PuzzlePlatforms Preview [NetMode: Client 2] (64-bit/Windows) ' being destroyed
[2021.01.08-11.20.35:571][564]LogWorld: UWorld::CleanupWorld for ThirdPersonExampleMap, bSessionEnded=true, bCleanupResources=true
[2021.01.08-11.20.35:572][564]LogSlate: InvalidateAllWidgets triggered.  All widgets were invalidated
[2021.01.08-11.20.35:581][564]LogNet: World NetDriver shutdown IpNetDriver_1 [GameNetDriver]
[2021.01.08-11.20.35:581][564]LogNet: DestroyNamedNetDriver IpNetDriver_1 [GameNetDriver]
[2021.01.08-11.20.35:581][564]LogNet: UNetConnection::Close: [UNetConnection] RemoteAddr: 127.0.0.1:17777, Name: IpConnection_0, Driver: GameNetDriver IpNetDriver_1, IsServer: NO, PC: PlayerController_1, Owner: PlayerController_1, UniqueId: NULL:LAPTOP-TILJ995I-33D11114493B4861C1E052B9C00169DC, Channels: 11, Time: 2021.01.08-11.20.35
[2021.01.08-11.20.35:581][564]LogNet: UChannel::Close: Sending CloseBunch. ChIndex == 0. Name: [UChannel] ChIndex: 0, Closing: 0 [UNetConnection] RemoteAddr: 127.0.0.1:17777, Name: IpConnection_0, Driver: GameNetDriver IpNetDriver_1, IsServer: NO, PC: PlayerController_1, Owner: PlayerController_1, UniqueId: NULL:LAPTOP-TILJ995I-33D11114493B4861C1E052B9C00169DC
[2021.01.08-11.20.35:581][564]LogExit: GameNetDriver IpNetDriver_1 shut down
[2021.01.08-11.20.35:582][564]LogWorld: BeginTearingDown for /Game/ThirdPersonBP/Maps/UEDPIE_0_ThirdPersonExampleMap
[2021.01.08-11.20.35:582][564]LogOnlineSession: Warning: OSS: No game present to leave for session (GameSession)
[2021.01.08-11.20.35:582][564]LogSlate: Updating window title bar state: overlay mode, drag disabled, window buttons hidden, title bar hidden
[2021.01.08-11.20.35:582][564]LogWorld: UWorld::CleanupWorld for ThirdPersonExampleMap, bSessionEnded=true, bCleanupResources=true
[2021.01.08-11.20.35:583][564]LogSlate: InvalidateAllWidgets triggered.  All widgets were invalidated
[2021.01.08-11.20.35:590][564]LogNet: World NetDriver shutdown IpNetDriver_0 [GameNetDriver]
[2021.01.08-11.20.35:590][564]LogNet: DestroyNamedNetDriver IpNetDriver_0 [GameNetDriver]
[2021.01.08-11.20.35:590][564]LogNet: UNetConnection::Cleanup: Closing open connection. [UNetConnection] RemoteAddr: 127.0.0.1:51769, Name: IpConnection_1, Driver: GameNetDriver IpNetDriver_0, IsServer: YES, PC: PlayerController_1, Owner: PlayerController_1, UniqueId: NULL:LAPTOP-TILJ995I-33D11114493B4861C1E052B9C00169DC
[2021.01.08-11.20.35:590][564]LogNet: UNetConnection::Close: [UNetConnection] RemoteAddr: 127.0.0.1:51769, Name: IpConnection_1, Driver: GameNetDriver IpNetDriver_0, IsServer: YES, PC: PlayerController_1, Owner: PlayerController_1, UniqueId: NULL:LAPTOP-TILJ995I-33D11114493B4861C1E052B9C00169DC, Channels: 11, Time: 2021.01.08-11.20.35
[2021.01.08-11.20.35:590][564]LogNet: UChannel::Close: Sending CloseBunch. ChIndex == 0. Name: [UChannel] ChIndex: 0, Closing: 0 [UNetConnection] RemoteAddr: 127.0.0.1:51769, Name: IpConnection_1, Driver: GameNetDriver IpNetDriver_0, IsServer: YES, PC: PlayerController_1, Owner: PlayerController_1, UniqueId: NULL:LAPTOP-TILJ995I-33D11114493B4861C1E052B9C00169DC
[2021.01.08-11.20.35:590][564]LogExit: GameNetDriver IpNetDriver_0 shut down
[2021.01.08-11.20.35:591][564]LogPlayLevel: Display: Shutting down PIE online subsystems
[2021.01.08-11.20.35:592][564]LogSlate: InvalidateAllWidgets triggered.  All widgets were invalidated
[2021.01.08-11.20.35:617][564]LogSlate: Updating window title bar state: overlay mode, drag disabled, window buttons hidden, title bar hidden
[2021.01.08-11.20.35:634][564]LogAISub: UAISubsystem::~UAISubsystem AIPerceptionSystem (000001B0E28D5080), frame # 5564
[2021.01.08-11.20.35:634][564]LogAISub: UAISubsystem::~UAISubsystem EnvQueryManager (000001B0E235EA00), frame # 5564
[2021.01.08-11.20.35:634][564]LogAISub: UAISubsystem::~UAISubsystem AIPerceptionSystem (000001B0BC4B2700), frame # 5564
[2021.01.08-11.20.35:634][564]LogAISub: UAISubsystem::~UAISubsystem EnvQueryManager (000001B0EAD6BE00), frame # 5564
[2021.01.08-11.20.35:635][564]LogUObjectHash: Compacting FUObjectHashTables data took   0.55ms
[2021.01.08-11.20.35:649][565]LogPlayLevel: Display: Destroying online subsystem :Context_5
[2021.01.08-11.20.35:649][565]LogPlayLevel: Display: Destroying online subsystem :Context_4
[2021.01.08-11.27.52:313][ 59]LogSlate: Took 0.000182 seconds to synchronously load lazily loaded font '../../../Engine/Content/Slate/Fonts/Roboto-Light.ttf' (167K)
